<?xml version="1.0" encoding="UTF-8"?>
<testsuite name="repls.MultiSetTests" tests="22" skipped="0" failures="2" errors="0" timestamp="2023-10-17T14:27:39" hostname="Jays-MacBook-Pro-2.local" time="0.121">
  <properties/>
  <testcase name="MultiSets can represent the empty Set" classname="repls.MultiSetTests" time="0.02"/>
  <testcase name="Simple multiset character" classname="repls.MultiSetTests" time="0.007"/>
  <testcase name="Simple multiset string" classname="repls.MultiSetTests" time="0.001"/>
  <testcase name="Simple multiset Int" classname="repls.MultiSetTests" time="0.002"/>
  <testcase name="Simple multiset double" classname="repls.MultiSetTests" time="0.002"/>
  <testcase name="Multiple elements" classname="repls.MultiSetTests" time="0.005"/>
  <testcase name="Same elements" classname="repls.MultiSetTests" time="0.002"/>
  <testcase name="Different and same elements" classname="repls.MultiSetTests" time="0.0"/>
  <testcase name="Sum of multiset with empty set" classname="repls.MultiSetTests" time="0.005"/>
  <testcase name="Sum of two multisets" classname="repls.MultiSetTests" time="0.006"/>
  <testcase name="Sum of three multisets" classname="repls.MultiSetTests" time="0.006"/>
  <testcase name="Difference of a multiset with empty set" classname="repls.MultiSetTests" time="0.003"/>
  <testcase name="Difference of two multisets" classname="repls.MultiSetTests" time="0.002"/>
  <testcase name="Difference of three multisets" classname="repls.MultiSetTests" time="0.002"/>
  <testcase name="Intersection with empty set" classname="repls.MultiSetTests" time="0.002"/>
  <testcase name="Intersection of two multisets" classname="repls.MultiSetTests" time="0.001"/>
  <testcase name="Intersection of tree multisets" classname="repls.MultiSetTests" time="0.002"/>
  <testcase name="Multiset expressions numeric" classname="repls.MultiSetTests" time="0.005"/>
  <testcase name="Multiset expression characters" classname="repls.MultiSetTests" time="0.003"/>
  <testcase name="Large Multiset 1" classname="repls.MultiSetTests" time="0.006"/>
  <testcase name="Large Multiset 2" classname="repls.MultiSetTests" time="0.018">
    <failure message="org.scalatest.exceptions.TestFailedException: Expected Map(&quot;hello&quot; -&gt; 2147483647), but got Map(&quot;hello&quot; -&gt; 2147483647, &quot;bla&quot; -&gt; 0)" type="org.scalatest.exceptions.TestFailedException">org.scalatest.exceptions.TestFailedException: Expected Map(&quot;hello&quot; -&gt; 2147483647), but got Map(&quot;hello&quot; -&gt; 2147483647, &quot;bla&quot; -&gt; 0)
	at app//org.scalatest.Assertions.newAssertionFailedException(Assertions.scala:530)
	at app//org.scalatest.Assertions.newAssertionFailedException$(Assertions.scala:529)
	at app//org.scalatest.FunSuite.newAssertionFailedException(FunSuite.scala:1560)
	at app//org.scalatest.Assertions.assertResult(Assertions.scala:1025)
	at app//org.scalatest.Assertions.assertResult$(Assertions.scala:1021)
	at app//org.scalatest.FunSuite.assertResult(FunSuite.scala:1560)
	at app//repls.MultiSetTests.$anonfun$new$21(MultiSetTests.scala:192)
	at app//repls.infrastructure.TestBase.$anonfun$test$1(TestBase.scala:36)
	at app//org.scalatest.OutcomeOf.outcomeOf(OutcomeOf.scala:85)
	at app//org.scalatest.OutcomeOf.outcomeOf$(OutcomeOf.scala:83)
	at app//org.scalatest.OutcomeOf$.outcomeOf(OutcomeOf.scala:104)
	at app//org.scalatest.Transformer.apply(Transformer.scala:22)
	at app//org.scalatest.Transformer.apply(Transformer.scala:20)
	at app//org.scalatest.FunSuiteLike$$anon$1.apply(FunSuiteLike.scala:186)
	at app//org.scalatest.TestSuite.withFixture(TestSuite.scala:196)
	at app//org.scalatest.TestSuite.withFixture$(TestSuite.scala:195)
	at app//repls.infrastructure.TestBase.org$scalatest$concurrent$TimeLimitedTests$$super$withFixture(TestBase.scala:9)
	at app//org.scalatest.concurrent.TimeLimitedTests.$anonfun$withFixture$3(TimeLimitedTests.scala:154)
	at app//org.scalatest.enablers.Timed$$anon$1.timeoutAfter(Timed.scala:127)
	at app//org.scalatest.concurrent.TimeLimits.failAfterImpl(TimeLimits.scala:239)
	at app//org.scalatest.concurrent.TimeLimits.failAfterImpl$(TimeLimits.scala:233)
	at app//org.scalatest.concurrent.TimeLimits$.failAfterImpl(TimeLimits.scala:305)
	at app//org.scalatest.concurrent.TimeLimitedTests.withFixture(TimeLimitedTests.scala:153)
	at app//org.scalatest.concurrent.TimeLimitedTests.withFixture$(TimeLimitedTests.scala:150)
	at app//repls.infrastructure.TestBase.withFixture(TestBase.scala:9)
	at app//org.scalatest.FunSuiteLike.invokeWithFixture$1(FunSuiteLike.scala:184)
	at app//org.scalatest.FunSuiteLike.$anonfun$runTest$1(FunSuiteLike.scala:196)
	at app//org.scalatest.SuperEngine.runTestImpl(Engine.scala:286)
	at app//org.scalatest.FunSuiteLike.runTest(FunSuiteLike.scala:196)
	at app//org.scalatest.FunSuiteLike.runTest$(FunSuiteLike.scala:178)
	at app//org.scalatest.FunSuite.runTest(FunSuite.scala:1560)
	at app//org.scalatest.FunSuiteLike.$anonfun$runTests$1(FunSuiteLike.scala:229)
	at app//org.scalatest.SuperEngine.$anonfun$runTestsInBranch$1(Engine.scala:393)
	at app//scala.collection.immutable.List.foreach(List.scala:333)
	at app//org.scalatest.SuperEngine.traverseSubNodes$1(Engine.scala:381)
	at app//org.scalatest.SuperEngine.runTestsInBranch(Engine.scala:376)
	at app//org.scalatest.SuperEngine.runTestsImpl(Engine.scala:458)
	at app//org.scalatest.FunSuiteLike.runTests(FunSuiteLike.scala:229)
	at app//org.scalatest.FunSuiteLike.runTests$(FunSuiteLike.scala:228)
	at app//org.scalatest.FunSuite.runTests(FunSuite.scala:1560)
	at app//org.scalatest.Suite.run(Suite.scala:1124)
	at app//org.scalatest.Suite.run$(Suite.scala:1106)
	at app//org.scalatest.FunSuite.org$scalatest$FunSuiteLike$$super$run(FunSuite.scala:1560)
	at app//org.scalatest.FunSuiteLike.$anonfun$run$1(FunSuiteLike.scala:233)
	at app//org.scalatest.SuperEngine.runImpl(Engine.scala:518)
	at app//org.scalatest.FunSuiteLike.run(FunSuiteLike.scala:233)
	at app//org.scalatest.FunSuiteLike.run$(FunSuiteLike.scala:232)
	at app//repls.infrastructure.TestBase.run(TestBase.scala:26)
	at app//org.scalatest.Suite.callExecuteOnSuite$1(Suite.scala:1187)
	at app//org.scalatest.Suite.$anonfun$runNestedSuites$1(Suite.scala:1234)
	at app//scala.collection.ArrayOps$.foreach$extension(ArrayOps.scala:1323)
	at app//org.scalatest.Suite.runNestedSuites(Suite.scala:1232)
	at app//org.scalatest.Suite.runNestedSuites$(Suite.scala:1166)
	at app//org.scalatest.Suites.runNestedSuites(Suites.scala:56)
	at app//org.scalatest.Suite.run(Suite.scala:1121)
	at app//org.scalatest.Suite.run$(Suite.scala:1106)
	at app//repls.ReplsTestSuitesBase.runDirect(ReplsTestSuitesBase.scala:16)
	at app//repls.ReplsTestSuitesBase.runWithScoreCounter(ReplsTestSuitesBase.scala:11)
	at app//repls.ReplsTestSuite4_2.run(ReplsTestSuite4_2.scala:16)
	at app//org.scalatestplus.junit.JUnitRunner.run(JUnitRunner.scala:99)
	at org.gradle.api.internal.tasks.testing.junit.JUnitTestClassExecutor.runTestClass(JUnitTestClassExecutor.java:110)
	at org.gradle.api.internal.tasks.testing.junit.JUnitTestClassExecutor.execute(JUnitTestClassExecutor.java:58)
	at org.gradle.api.internal.tasks.testing.junit.JUnitTestClassExecutor.execute(JUnitTestClassExecutor.java:38)
	at org.gradle.api.internal.tasks.testing.junit.AbstractJUnitTestClassProcessor.processTestClass(AbstractJUnitTestClassProcessor.java:62)
	at org.gradle.api.internal.tasks.testing.SuiteTestClassProcessor.processTestClass(SuiteTestClassProcessor.java:51)
	at java.base@18.0.2.1/jdk.internal.reflect.DirectMethodHandleAccessor.invoke(DirectMethodHandleAccessor.java:104)
	at java.base@18.0.2.1/java.lang.reflect.Method.invoke(Method.java:577)
	at org.gradle.internal.dispatch.ReflectionDispatch.dispatch(ReflectionDispatch.java:36)
	at org.gradle.internal.dispatch.ReflectionDispatch.dispatch(ReflectionDispatch.java:24)
	at org.gradle.internal.dispatch.ContextClassLoaderDispatch.dispatch(ContextClassLoaderDispatch.java:33)
	at org.gradle.internal.dispatch.ProxyDispatchAdapter$DispatchingInvocationHandler.invoke(ProxyDispatchAdapter.java:94)
	at jdk.proxy1/jdk.proxy1.$Proxy2.processTestClass(Unknown Source)
	at org.gradle.api.internal.tasks.testing.worker.TestWorker$2.run(TestWorker.java:176)
	at org.gradle.api.internal.tasks.testing.worker.TestWorker.executeAndMaintainThreadName(TestWorker.java:129)
	at org.gradle.api.internal.tasks.testing.worker.TestWorker.execute(TestWorker.java:100)
	at org.gradle.api.internal.tasks.testing.worker.TestWorker.execute(TestWorker.java:60)
	at org.gradle.process.internal.worker.child.ActionExecutionWorker.execute(ActionExecutionWorker.java:56)
	at org.gradle.process.internal.worker.child.SystemApplicationClassLoaderWorker.call(SystemApplicationClassLoaderWorker.java:133)
	at org.gradle.process.internal.worker.child.SystemApplicationClassLoaderWorker.call(SystemApplicationClassLoaderWorker.java:71)
	at app//worker.org.gradle.process.internal.worker.GradleWorkerMain.run(GradleWorkerMain.java:69)
	at app//worker.org.gradle.process.internal.worker.GradleWorkerMain.main(GradleWorkerMain.java:74)
</failure>
  </testcase>
  <testcase name="Large Multiset 3" classname="repls.MultiSetTests" time="0.003">
    <failure message="org.scalatest.exceptions.TestFailedException: Expected Map(&quot;hello&quot; -&gt; 2147483647, &quot;zozo&quot; -&gt; 2147483647, &quot;bla&quot; -&gt; 1073841823), but got Map(&quot;hello&quot; -&gt; 2147483647, &quot;bla&quot; -&gt; 1073841823, &quot;jada&quot; -&gt; 0, &quot;zozo&quot; -&gt; 2147483647)" type="org.scalatest.exceptions.TestFailedException">org.scalatest.exceptions.TestFailedException: Expected Map(&quot;hello&quot; -&gt; 2147483647, &quot;zozo&quot; -&gt; 2147483647, &quot;bla&quot; -&gt; 1073841823), but got Map(&quot;hello&quot; -&gt; 2147483647, &quot;bla&quot; -&gt; 1073841823, &quot;jada&quot; -&gt; 0, &quot;zozo&quot; -&gt; 2147483647)
	at app//org.scalatest.Assertions.newAssertionFailedException(Assertions.scala:530)
	at app//org.scalatest.Assertions.newAssertionFailedException$(Assertions.scala:529)
	at app//org.scalatest.FunSuite.newAssertionFailedException(FunSuite.scala:1560)
	at app//org.scalatest.Assertions.assertResult(Assertions.scala:1025)
	at app//org.scalatest.Assertions.assertResult$(Assertions.scala:1021)
	at app//org.scalatest.FunSuite.assertResult(FunSuite.scala:1560)
	at app//repls.MultiSetTests.$anonfun$new$22(MultiSetTests.scala:200)
	at app//repls.infrastructure.TestBase.$anonfun$test$1(TestBase.scala:36)
	at app//org.scalatest.OutcomeOf.outcomeOf(OutcomeOf.scala:85)
	at app//org.scalatest.OutcomeOf.outcomeOf$(OutcomeOf.scala:83)
	at app//org.scalatest.OutcomeOf$.outcomeOf(OutcomeOf.scala:104)
	at app//org.scalatest.Transformer.apply(Transformer.scala:22)
	at app//org.scalatest.Transformer.apply(Transformer.scala:20)
	at app//org.scalatest.FunSuiteLike$$anon$1.apply(FunSuiteLike.scala:186)
	at app//org.scalatest.TestSuite.withFixture(TestSuite.scala:196)
	at app//org.scalatest.TestSuite.withFixture$(TestSuite.scala:195)
	at app//repls.infrastructure.TestBase.org$scalatest$concurrent$TimeLimitedTests$$super$withFixture(TestBase.scala:9)
	at app//org.scalatest.concurrent.TimeLimitedTests.$anonfun$withFixture$3(TimeLimitedTests.scala:154)
	at app//org.scalatest.enablers.Timed$$anon$1.timeoutAfter(Timed.scala:127)
	at app//org.scalatest.concurrent.TimeLimits.failAfterImpl(TimeLimits.scala:239)
	at app//org.scalatest.concurrent.TimeLimits.failAfterImpl$(TimeLimits.scala:233)
	at app//org.scalatest.concurrent.TimeLimits$.failAfterImpl(TimeLimits.scala:305)
	at app//org.scalatest.concurrent.TimeLimitedTests.withFixture(TimeLimitedTests.scala:153)
	at app//org.scalatest.concurrent.TimeLimitedTests.withFixture$(TimeLimitedTests.scala:150)
	at app//repls.infrastructure.TestBase.withFixture(TestBase.scala:9)
	at app//org.scalatest.FunSuiteLike.invokeWithFixture$1(FunSuiteLike.scala:184)
	at app//org.scalatest.FunSuiteLike.$anonfun$runTest$1(FunSuiteLike.scala:196)
	at app//org.scalatest.SuperEngine.runTestImpl(Engine.scala:286)
	at app//org.scalatest.FunSuiteLike.runTest(FunSuiteLike.scala:196)
	at app//org.scalatest.FunSuiteLike.runTest$(FunSuiteLike.scala:178)
	at app//org.scalatest.FunSuite.runTest(FunSuite.scala:1560)
	at app//org.scalatest.FunSuiteLike.$anonfun$runTests$1(FunSuiteLike.scala:229)
	at app//org.scalatest.SuperEngine.$anonfun$runTestsInBranch$1(Engine.scala:393)
	at app//scala.collection.immutable.List.foreach(List.scala:333)
	at app//org.scalatest.SuperEngine.traverseSubNodes$1(Engine.scala:381)
	at app//org.scalatest.SuperEngine.runTestsInBranch(Engine.scala:376)
	at app//org.scalatest.SuperEngine.runTestsImpl(Engine.scala:458)
	at app//org.scalatest.FunSuiteLike.runTests(FunSuiteLike.scala:229)
	at app//org.scalatest.FunSuiteLike.runTests$(FunSuiteLike.scala:228)
	at app//org.scalatest.FunSuite.runTests(FunSuite.scala:1560)
	at app//org.scalatest.Suite.run(Suite.scala:1124)
	at app//org.scalatest.Suite.run$(Suite.scala:1106)
	at app//org.scalatest.FunSuite.org$scalatest$FunSuiteLike$$super$run(FunSuite.scala:1560)
	at app//org.scalatest.FunSuiteLike.$anonfun$run$1(FunSuiteLike.scala:233)
	at app//org.scalatest.SuperEngine.runImpl(Engine.scala:518)
	at app//org.scalatest.FunSuiteLike.run(FunSuiteLike.scala:233)
	at app//org.scalatest.FunSuiteLike.run$(FunSuiteLike.scala:232)
	at app//repls.infrastructure.TestBase.run(TestBase.scala:26)
	at app//org.scalatest.Suite.callExecuteOnSuite$1(Suite.scala:1187)
	at app//org.scalatest.Suite.$anonfun$runNestedSuites$1(Suite.scala:1234)
	at app//scala.collection.ArrayOps$.foreach$extension(ArrayOps.scala:1323)
	at app//org.scalatest.Suite.runNestedSuites(Suite.scala:1232)
	at app//org.scalatest.Suite.runNestedSuites$(Suite.scala:1166)
	at app//org.scalatest.Suites.runNestedSuites(Suites.scala:56)
	at app//org.scalatest.Suite.run(Suite.scala:1121)
	at app//org.scalatest.Suite.run$(Suite.scala:1106)
	at app//repls.ReplsTestSuitesBase.runDirect(ReplsTestSuitesBase.scala:16)
	at app//repls.ReplsTestSuitesBase.runWithScoreCounter(ReplsTestSuitesBase.scala:11)
	at app//repls.ReplsTestSuite4_2.run(ReplsTestSuite4_2.scala:16)
	at app//org.scalatestplus.junit.JUnitRunner.run(JUnitRunner.scala:99)
	at org.gradle.api.internal.tasks.testing.junit.JUnitTestClassExecutor.runTestClass(JUnitTestClassExecutor.java:110)
	at org.gradle.api.internal.tasks.testing.junit.JUnitTestClassExecutor.execute(JUnitTestClassExecutor.java:58)
	at org.gradle.api.internal.tasks.testing.junit.JUnitTestClassExecutor.execute(JUnitTestClassExecutor.java:38)
	at org.gradle.api.internal.tasks.testing.junit.AbstractJUnitTestClassProcessor.processTestClass(AbstractJUnitTestClassProcessor.java:62)
	at org.gradle.api.internal.tasks.testing.SuiteTestClassProcessor.processTestClass(SuiteTestClassProcessor.java:51)
	at java.base@18.0.2.1/jdk.internal.reflect.DirectMethodHandleAccessor.invoke(DirectMethodHandleAccessor.java:104)
	at java.base@18.0.2.1/java.lang.reflect.Method.invoke(Method.java:577)
	at org.gradle.internal.dispatch.ReflectionDispatch.dispatch(ReflectionDispatch.java:36)
	at org.gradle.internal.dispatch.ReflectionDispatch.dispatch(ReflectionDispatch.java:24)
	at org.gradle.internal.dispatch.ContextClassLoaderDispatch.dispatch(ContextClassLoaderDispatch.java:33)
	at org.gradle.internal.dispatch.ProxyDispatchAdapter$DispatchingInvocationHandler.invoke(ProxyDispatchAdapter.java:94)
	at jdk.proxy1/jdk.proxy1.$Proxy2.processTestClass(Unknown Source)
	at org.gradle.api.internal.tasks.testing.worker.TestWorker$2.run(TestWorker.java:176)
	at org.gradle.api.internal.tasks.testing.worker.TestWorker.executeAndMaintainThreadName(TestWorker.java:129)
	at org.gradle.api.internal.tasks.testing.worker.TestWorker.execute(TestWorker.java:100)
	at org.gradle.api.internal.tasks.testing.worker.TestWorker.execute(TestWorker.java:60)
	at org.gradle.process.internal.worker.child.ActionExecutionWorker.execute(ActionExecutionWorker.java:56)
	at org.gradle.process.internal.worker.child.SystemApplicationClassLoaderWorker.call(SystemApplicationClassLoaderWorker.java:133)
	at org.gradle.process.internal.worker.child.SystemApplicationClassLoaderWorker.call(SystemApplicationClassLoaderWorker.java:71)
	at app//worker.org.gradle.process.internal.worker.GradleWorkerMain.run(GradleWorkerMain.java:69)
	at app//worker.org.gradle.process.internal.worker.GradleWorkerMain.main(GradleWorkerMain.java:74)
</failure>
  </testcase>
  <system-out><![CDATA[Map()
Map(a -> 1)
Map(element -> 1)
Map(1 -> 1)
Map(1.0 -> 1)
Map(a -> 1, b -> 1, c -> 1)
Map(a -> 3)
Map(1 -> 2, 2 -> 2, 3 -> 1)
Map(a -> 1)
Map()
Map(a -> 1)
Map(2.0 -> 1, 1.0 -> 1, 1.2 -> 1)
Map(2.2 -> 1, 4.0 -> 1, 1.0 -> 1, 1.2 -> 1)
HashMap(2.2 -> 1, 2.0 -> 1, 4.0 -> 1, 1.0 -> 2, 1.2 -> 2)
Map(1 -> 1, 2 -> 1)
Map(5 -> 1, 2 -> 1, 4 -> 1)
Map(5 -> 1, 3 -> 1)
Map(1 -> 1, 2 -> 2, 5 -> 1, 4 -> 1)
HashMap(5 -> 2, 1 -> 1, 2 -> 2, 3 -> 1, 4 -> 1)
Map(a -> 1)
Map()
Map()
Map(2.0 -> 1, 1.0 -> 1, 1.2 -> 1)
Map(2.2 -> 1, 4.0 -> 1, 1.0 -> 1, 1.2 -> 1)
Map(2.0 -> 1, 1.0 -> 0, 1.2 -> 0)
Map(1 -> 1, 2 -> 1, 3 -> 1)
Map(5 -> 1, 2 -> 1, 4 -> 1)
Map(5 -> 1, 3 -> 1)
Map(1 -> 1, 2 -> 0, 3 -> 1)
Map(1 -> 1, 2 -> 0, 3 -> 0)
Map(1 -> 2, 2 -> 1, 3 -> 1)
Map()
Map(1 -> 0, 2 -> 0, 3 -> 0)
Map(1 -> 1, 2 -> 2, 3 -> 2, 4 -> 3)
Map(5 -> 3, 2 -> 1, 3 -> 1)
Map(1 -> 0, 2 -> 1, 3 -> 1, 4 -> 0)
Map(1 -> 1, 2 -> 1, 3 -> 1)
Map(5 -> 1, 2 -> 1, 4 -> 1)
Map(5 -> 1, 2 -> 1, 3 -> 1)
Map(1 -> 0, 2 -> 1, 3 -> 0)
Map(1 -> 0, 2 -> 1, 3 -> 0)
Map(1 -> 1, 2 -> 1, 3 -> 1, 4 -> 3)
Map(5 -> 3, 1 -> 1, 4 -> 1)
HashMap(5 -> 1, 1 -> 3, 2 -> 1, 3 -> 2, 4 -> 1)
HashMap(1 -> 1, 6 -> 1, 7 -> 2, 8 -> 1, 4 -> 1)
Map(1 -> 0, 2 -> 1, 3 -> 1, 4 -> 2)
HashMap(5 -> 1, 1 -> 2, 2 -> 1, 3 -> 2, 4 -> 0)
Map(1 -> 0, 2 -> 1, 3 -> 1, 4 -> 0)
HashMap(i -> 3, g -> 1, h -> 1, o -> 1, d -> 3)
HashMap(a -> 1, i -> 2, b -> 1, g -> 1, d -> 1)
HashMap(i -> 1, l -> 1, h -> 1, o -> 2, d -> 3)
Map(i -> 2, p -> 2, o -> 2, d -> 2)
HashMap(i -> 1, g -> 0, h -> 1, o -> 1, d -> 2)
HashMap(i -> 1, g -> 0, h -> 1, o -> 1, d -> 2)
HashMap(i -> 1, g -> 0, h -> 0, o -> 1, d -> 2)
Map(hello -> 2147483647, bla -> 1073741823)
Map(bye -> 2147483647)
Map(hello -> 2147483647, bla -> 1073741823, bye -> 2147483647)
Map(hello -> 2147483647, bla -> 1073741823)
Map(hello -> 2147483647)
Map(hello -> 2147483647, bla -> 0)
Map(hello -> 2147483647, bla -> 1073741823, jada -> 2147483647)
Map(hello -> 2147483647, jada -> 2147483647)
Map(hello -> 2147483647, bla -> 2147483647)
Map(hello -> 2147483647, zozo -> 2147483647, bla -> 100000)
Map(hello -> 0, bla -> 1073741823, jada -> 0)
Map(hello -> 0, bla -> 1073741823, jada -> 0)
Map(hello -> 2147483647, bla -> 1073841823, jada -> 0, zozo -> 2147483647)
]]></system-out>
  <system-err><![CDATA[]]></system-err>
</testsuite>
