<?xml version="1.0" encoding="UTF-8"?>
<testsuite name="repls.MultiSetReplTests" tests="45" skipped="0" failures="43" errors="0" timestamp="2023-10-17T14:27:39" hostname="Jays-MacBook-Pro-2.local" time="0.175">
  <properties/>
  <testcase name="Echo simple" classname="repls.MultiSetReplTests" time="0.004"/>
  <testcase name="Echo brackets" classname="repls.MultiSetReplTests" time="0.025">
    <failure message="org.scalatest.exceptions.TestFailedException: &quot;[( {a,b} )]&quot; did not equal &quot;[{a,b}]&quot;" type="org.scalatest.exceptions.TestFailedException">org.scalatest.exceptions.TestFailedException: &quot;[( {a,b} )]&quot; did not equal &quot;[{a,b}]&quot;
	at app//org.scalatest.Assertions.newAssertionFailedException(Assertions.scala:530)
	at app//org.scalatest.Assertions.newAssertionFailedException$(Assertions.scala:529)
	at app//org.scalatest.FunSuite.newAssertionFailedException(FunSuite.scala:1560)
	at app//org.scalatest.Assertions$AssertionsHelper.macroAssert(Assertions.scala:503)
	at app//repls.MultiSetReplTests.$anonfun$new$2(MultiSetReplTests.scala:29)
	at app//repls.infrastructure.TestBase.$anonfun$test$1(TestBase.scala:36)
	at app//org.scalatest.OutcomeOf.outcomeOf(OutcomeOf.scala:85)
	at app//org.scalatest.OutcomeOf.outcomeOf$(OutcomeOf.scala:83)
	at app//org.scalatest.OutcomeOf$.outcomeOf(OutcomeOf.scala:104)
	at app//org.scalatest.Transformer.apply(Transformer.scala:22)
	at app//org.scalatest.Transformer.apply(Transformer.scala:20)
	at app//org.scalatest.FunSuiteLike$$anon$1.apply(FunSuiteLike.scala:186)
	at app//org.scalatest.TestSuite.withFixture(TestSuite.scala:196)
	at app//org.scalatest.TestSuite.withFixture$(TestSuite.scala:195)
	at app//repls.infrastructure.TestBase.org$scalatest$concurrent$TimeLimitedTests$$super$withFixture(TestBase.scala:9)
	at app//org.scalatest.concurrent.TimeLimitedTests.$anonfun$withFixture$3(TimeLimitedTests.scala:154)
	at app//org.scalatest.enablers.Timed$$anon$1.timeoutAfter(Timed.scala:127)
	at app//org.scalatest.concurrent.TimeLimits.failAfterImpl(TimeLimits.scala:239)
	at app//org.scalatest.concurrent.TimeLimits.failAfterImpl$(TimeLimits.scala:233)
	at app//org.scalatest.concurrent.TimeLimits$.failAfterImpl(TimeLimits.scala:305)
	at app//org.scalatest.concurrent.TimeLimitedTests.withFixture(TimeLimitedTests.scala:153)
	at app//org.scalatest.concurrent.TimeLimitedTests.withFixture$(TimeLimitedTests.scala:150)
	at app//repls.infrastructure.TestBase.withFixture(TestBase.scala:9)
	at app//org.scalatest.FunSuiteLike.invokeWithFixture$1(FunSuiteLike.scala:184)
	at app//org.scalatest.FunSuiteLike.$anonfun$runTest$1(FunSuiteLike.scala:196)
	at app//org.scalatest.SuperEngine.runTestImpl(Engine.scala:286)
	at app//org.scalatest.FunSuiteLike.runTest(FunSuiteLike.scala:196)
	at app//org.scalatest.FunSuiteLike.runTest$(FunSuiteLike.scala:178)
	at app//org.scalatest.FunSuite.runTest(FunSuite.scala:1560)
	at app//org.scalatest.FunSuiteLike.$anonfun$runTests$1(FunSuiteLike.scala:229)
	at app//org.scalatest.SuperEngine.$anonfun$runTestsInBranch$1(Engine.scala:393)
	at app//scala.collection.immutable.List.foreach(List.scala:333)
	at app//org.scalatest.SuperEngine.traverseSubNodes$1(Engine.scala:381)
	at app//org.scalatest.SuperEngine.runTestsInBranch(Engine.scala:376)
	at app//org.scalatest.SuperEngine.runTestsImpl(Engine.scala:458)
	at app//org.scalatest.FunSuiteLike.runTests(FunSuiteLike.scala:229)
	at app//org.scalatest.FunSuiteLike.runTests$(FunSuiteLike.scala:228)
	at app//org.scalatest.FunSuite.runTests(FunSuite.scala:1560)
	at app//org.scalatest.Suite.run(Suite.scala:1124)
	at app//org.scalatest.Suite.run$(Suite.scala:1106)
	at app//org.scalatest.FunSuite.org$scalatest$FunSuiteLike$$super$run(FunSuite.scala:1560)
	at app//org.scalatest.FunSuiteLike.$anonfun$run$1(FunSuiteLike.scala:233)
	at app//org.scalatest.SuperEngine.runImpl(Engine.scala:518)
	at app//org.scalatest.FunSuiteLike.run(FunSuiteLike.scala:233)
	at app//org.scalatest.FunSuiteLike.run$(FunSuiteLike.scala:232)
	at app//repls.infrastructure.TestBase.run(TestBase.scala:26)
	at app//org.scalatest.Suite.callExecuteOnSuite$1(Suite.scala:1187)
	at app//org.scalatest.Suite.$anonfun$runNestedSuites$1(Suite.scala:1234)
	at app//scala.collection.ArrayOps$.foreach$extension(ArrayOps.scala:1323)
	at app//org.scalatest.Suite.runNestedSuites(Suite.scala:1232)
	at app//org.scalatest.Suite.runNestedSuites$(Suite.scala:1166)
	at app//org.scalatest.Suites.runNestedSuites(Suites.scala:56)
	at app//org.scalatest.Suite.run(Suite.scala:1121)
	at app//org.scalatest.Suite.run$(Suite.scala:1106)
	at app//repls.ReplsTestSuitesBase.runDirect(ReplsTestSuitesBase.scala:16)
	at app//repls.ReplsTestSuitesBase.runWithScoreCounter(ReplsTestSuitesBase.scala:11)
	at app//repls.ReplsTestSuite4_2.run(ReplsTestSuite4_2.scala:16)
	at app//org.scalatestplus.junit.JUnitRunner.run(JUnitRunner.scala:99)
	at org.gradle.api.internal.tasks.testing.junit.JUnitTestClassExecutor.runTestClass(JUnitTestClassExecutor.java:110)
	at org.gradle.api.internal.tasks.testing.junit.JUnitTestClassExecutor.execute(JUnitTestClassExecutor.java:58)
	at org.gradle.api.internal.tasks.testing.junit.JUnitTestClassExecutor.execute(JUnitTestClassExecutor.java:38)
	at org.gradle.api.internal.tasks.testing.junit.AbstractJUnitTestClassProcessor.processTestClass(AbstractJUnitTestClassProcessor.java:62)
	at org.gradle.api.internal.tasks.testing.SuiteTestClassProcessor.processTestClass(SuiteTestClassProcessor.java:51)
	at java.base@18.0.2.1/jdk.internal.reflect.DirectMethodHandleAccessor.invoke(DirectMethodHandleAccessor.java:104)
	at java.base@18.0.2.1/java.lang.reflect.Method.invoke(Method.java:577)
	at org.gradle.internal.dispatch.ReflectionDispatch.dispatch(ReflectionDispatch.java:36)
	at org.gradle.internal.dispatch.ReflectionDispatch.dispatch(ReflectionDispatch.java:24)
	at org.gradle.internal.dispatch.ContextClassLoaderDispatch.dispatch(ContextClassLoaderDispatch.java:33)
	at org.gradle.internal.dispatch.ProxyDispatchAdapter$DispatchingInvocationHandler.invoke(ProxyDispatchAdapter.java:94)
	at jdk.proxy1/jdk.proxy1.$Proxy2.processTestClass(Unknown Source)
	at org.gradle.api.internal.tasks.testing.worker.TestWorker$2.run(TestWorker.java:176)
	at org.gradle.api.internal.tasks.testing.worker.TestWorker.executeAndMaintainThreadName(TestWorker.java:129)
	at org.gradle.api.internal.tasks.testing.worker.TestWorker.execute(TestWorker.java:100)
	at org.gradle.api.internal.tasks.testing.worker.TestWorker.execute(TestWorker.java:60)
	at org.gradle.process.internal.worker.child.ActionExecutionWorker.execute(ActionExecutionWorker.java:56)
	at org.gradle.process.internal.worker.child.SystemApplicationClassLoaderWorker.call(SystemApplicationClassLoaderWorker.java:133)
	at org.gradle.process.internal.worker.child.SystemApplicationClassLoaderWorker.call(SystemApplicationClassLoaderWorker.java:71)
	at app//worker.org.gradle.process.internal.worker.GradleWorkerMain.run(GradleWorkerMain.java:69)
	at app//worker.org.gradle.process.internal.worker.GradleWorkerMain.main(GradleWorkerMain.java:74)
</failure>
  </testcase>
  <testcase name="Evaluate summation simple" classname="repls.MultiSetReplTests" time="0.002">
    <failure message="org.scalatest.exceptions.TestFailedException: &quot;{[b,c} + {a,b,b} + {a,b],c}&quot; did not equal &quot;{[a,a,b,b,b,b,c],c}&quot;" type="org.scalatest.exceptions.TestFailedException">org.scalatest.exceptions.TestFailedException: &quot;{[b,c} + {a,b,b} + {a,b],c}&quot; did not equal &quot;{[a,a,b,b,b,b,c],c}&quot;
	at app//org.scalatest.Assertions.newAssertionFailedException(Assertions.scala:530)
	at app//org.scalatest.Assertions.newAssertionFailedException$(Assertions.scala:529)
	at app//org.scalatest.FunSuite.newAssertionFailedException(FunSuite.scala:1560)
	at app//org.scalatest.Assertions$AssertionsHelper.macroAssert(Assertions.scala:503)
	at app//repls.MultiSetReplTests.$anonfun$new$3(MultiSetReplTests.scala:43)
	at app//repls.infrastructure.TestBase.$anonfun$test$1(TestBase.scala:36)
	at app//org.scalatest.OutcomeOf.outcomeOf(OutcomeOf.scala:85)
	at app//org.scalatest.OutcomeOf.outcomeOf$(OutcomeOf.scala:83)
	at app//org.scalatest.OutcomeOf$.outcomeOf(OutcomeOf.scala:104)
	at app//org.scalatest.Transformer.apply(Transformer.scala:22)
	at app//org.scalatest.Transformer.apply(Transformer.scala:20)
	at app//org.scalatest.FunSuiteLike$$anon$1.apply(FunSuiteLike.scala:186)
	at app//org.scalatest.TestSuite.withFixture(TestSuite.scala:196)
	at app//org.scalatest.TestSuite.withFixture$(TestSuite.scala:195)
	at app//repls.infrastructure.TestBase.org$scalatest$concurrent$TimeLimitedTests$$super$withFixture(TestBase.scala:9)
	at app//org.scalatest.concurrent.TimeLimitedTests.$anonfun$withFixture$3(TimeLimitedTests.scala:154)
	at app//org.scalatest.enablers.Timed$$anon$1.timeoutAfter(Timed.scala:127)
	at app//org.scalatest.concurrent.TimeLimits.failAfterImpl(TimeLimits.scala:239)
	at app//org.scalatest.concurrent.TimeLimits.failAfterImpl$(TimeLimits.scala:233)
	at app//org.scalatest.concurrent.TimeLimits$.failAfterImpl(TimeLimits.scala:305)
	at app//org.scalatest.concurrent.TimeLimitedTests.withFixture(TimeLimitedTests.scala:153)
	at app//org.scalatest.concurrent.TimeLimitedTests.withFixture$(TimeLimitedTests.scala:150)
	at app//repls.infrastructure.TestBase.withFixture(TestBase.scala:9)
	at app//org.scalatest.FunSuiteLike.invokeWithFixture$1(FunSuiteLike.scala:184)
	at app//org.scalatest.FunSuiteLike.$anonfun$runTest$1(FunSuiteLike.scala:196)
	at app//org.scalatest.SuperEngine.runTestImpl(Engine.scala:286)
	at app//org.scalatest.FunSuiteLike.runTest(FunSuiteLike.scala:196)
	at app//org.scalatest.FunSuiteLike.runTest$(FunSuiteLike.scala:178)
	at app//org.scalatest.FunSuite.runTest(FunSuite.scala:1560)
	at app//org.scalatest.FunSuiteLike.$anonfun$runTests$1(FunSuiteLike.scala:229)
	at app//org.scalatest.SuperEngine.$anonfun$runTestsInBranch$1(Engine.scala:393)
	at app//scala.collection.immutable.List.foreach(List.scala:333)
	at app//org.scalatest.SuperEngine.traverseSubNodes$1(Engine.scala:381)
	at app//org.scalatest.SuperEngine.runTestsInBranch(Engine.scala:376)
	at app//org.scalatest.SuperEngine.runTestsImpl(Engine.scala:458)
	at app//org.scalatest.FunSuiteLike.runTests(FunSuiteLike.scala:229)
	at app//org.scalatest.FunSuiteLike.runTests$(FunSuiteLike.scala:228)
	at app//org.scalatest.FunSuite.runTests(FunSuite.scala:1560)
	at app//org.scalatest.Suite.run(Suite.scala:1124)
	at app//org.scalatest.Suite.run$(Suite.scala:1106)
	at app//org.scalatest.FunSuite.org$scalatest$FunSuiteLike$$super$run(FunSuite.scala:1560)
	at app//org.scalatest.FunSuiteLike.$anonfun$run$1(FunSuiteLike.scala:233)
	at app//org.scalatest.SuperEngine.runImpl(Engine.scala:518)
	at app//org.scalatest.FunSuiteLike.run(FunSuiteLike.scala:233)
	at app//org.scalatest.FunSuiteLike.run$(FunSuiteLike.scala:232)
	at app//repls.infrastructure.TestBase.run(TestBase.scala:26)
	at app//org.scalatest.Suite.callExecuteOnSuite$1(Suite.scala:1187)
	at app//org.scalatest.Suite.$anonfun$runNestedSuites$1(Suite.scala:1234)
	at app//scala.collection.ArrayOps$.foreach$extension(ArrayOps.scala:1323)
	at app//org.scalatest.Suite.runNestedSuites(Suite.scala:1232)
	at app//org.scalatest.Suite.runNestedSuites$(Suite.scala:1166)
	at app//org.scalatest.Suites.runNestedSuites(Suites.scala:56)
	at app//org.scalatest.Suite.run(Suite.scala:1121)
	at app//org.scalatest.Suite.run$(Suite.scala:1106)
	at app//repls.ReplsTestSuitesBase.runDirect(ReplsTestSuitesBase.scala:16)
	at app//repls.ReplsTestSuitesBase.runWithScoreCounter(ReplsTestSuitesBase.scala:11)
	at app//repls.ReplsTestSuite4_2.run(ReplsTestSuite4_2.scala:16)
	at app//org.scalatestplus.junit.JUnitRunner.run(JUnitRunner.scala:99)
	at org.gradle.api.internal.tasks.testing.junit.JUnitTestClassExecutor.runTestClass(JUnitTestClassExecutor.java:110)
	at org.gradle.api.internal.tasks.testing.junit.JUnitTestClassExecutor.execute(JUnitTestClassExecutor.java:58)
	at org.gradle.api.internal.tasks.testing.junit.JUnitTestClassExecutor.execute(JUnitTestClassExecutor.java:38)
	at org.gradle.api.internal.tasks.testing.junit.AbstractJUnitTestClassProcessor.processTestClass(AbstractJUnitTestClassProcessor.java:62)
	at org.gradle.api.internal.tasks.testing.SuiteTestClassProcessor.processTestClass(SuiteTestClassProcessor.java:51)
	at java.base@18.0.2.1/jdk.internal.reflect.DirectMethodHandleAccessor.invoke(DirectMethodHandleAccessor.java:104)
	at java.base@18.0.2.1/java.lang.reflect.Method.invoke(Method.java:577)
	at org.gradle.internal.dispatch.ReflectionDispatch.dispatch(ReflectionDispatch.java:36)
	at org.gradle.internal.dispatch.ReflectionDispatch.dispatch(ReflectionDispatch.java:24)
	at org.gradle.internal.dispatch.ContextClassLoaderDispatch.dispatch(ContextClassLoaderDispatch.java:33)
	at org.gradle.internal.dispatch.ProxyDispatchAdapter$DispatchingInvocationHandler.invoke(ProxyDispatchAdapter.java:94)
	at jdk.proxy1/jdk.proxy1.$Proxy2.processTestClass(Unknown Source)
	at org.gradle.api.internal.tasks.testing.worker.TestWorker$2.run(TestWorker.java:176)
	at org.gradle.api.internal.tasks.testing.worker.TestWorker.executeAndMaintainThreadName(TestWorker.java:129)
	at org.gradle.api.internal.tasks.testing.worker.TestWorker.execute(TestWorker.java:100)
	at org.gradle.api.internal.tasks.testing.worker.TestWorker.execute(TestWorker.java:60)
	at org.gradle.process.internal.worker.child.ActionExecutionWorker.execute(ActionExecutionWorker.java:56)
	at org.gradle.process.internal.worker.child.SystemApplicationClassLoaderWorker.call(SystemApplicationClassLoaderWorker.java:133)
	at org.gradle.process.internal.worker.child.SystemApplicationClassLoaderWorker.call(SystemApplicationClassLoaderWorker.java:71)
	at app//worker.org.gradle.process.internal.worker.GradleWorkerMain.run(GradleWorkerMain.java:69)
	at app//worker.org.gradle.process.internal.worker.GradleWorkerMain.main(GradleWorkerMain.java:74)
</failure>
  </testcase>
  <testcase name="Evaluate summation brackets" classname="repls.MultiSetReplTests" time="0.0">
    <failure message="org.scalatest.exceptions.TestFailedException: &quot;[( {a,b} + {b,c,f} ) + ( {a,b} + {r,f,g} + {g,h,i} )]&quot; did not equal &quot;[{a,a,b,b,b,c,f,f,g,g,h,i,r}]&quot;" type="org.scalatest.exceptions.TestFailedException">org.scalatest.exceptions.TestFailedException: &quot;[( {a,b} + {b,c,f} ) + ( {a,b} + {r,f,g} + {g,h,i} )]&quot; did not equal &quot;[{a,a,b,b,b,c,f,f,g,g,h,i,r}]&quot;
	at app//org.scalatest.Assertions.newAssertionFailedException(Assertions.scala:530)
	at app//org.scalatest.Assertions.newAssertionFailedException$(Assertions.scala:529)
	at app//org.scalatest.FunSuite.newAssertionFailedException(FunSuite.scala:1560)
	at app//org.scalatest.Assertions$AssertionsHelper.macroAssert(Assertions.scala:503)
	at app//repls.MultiSetReplTests.$anonfun$new$4(MultiSetReplTests.scala:52)
	at app//repls.infrastructure.TestBase.$anonfun$test$1(TestBase.scala:36)
	at app//org.scalatest.OutcomeOf.outcomeOf(OutcomeOf.scala:85)
	at app//org.scalatest.OutcomeOf.outcomeOf$(OutcomeOf.scala:83)
	at app//org.scalatest.OutcomeOf$.outcomeOf(OutcomeOf.scala:104)
	at app//org.scalatest.Transformer.apply(Transformer.scala:22)
	at app//org.scalatest.Transformer.apply(Transformer.scala:20)
	at app//org.scalatest.FunSuiteLike$$anon$1.apply(FunSuiteLike.scala:186)
	at app//org.scalatest.TestSuite.withFixture(TestSuite.scala:196)
	at app//org.scalatest.TestSuite.withFixture$(TestSuite.scala:195)
	at app//repls.infrastructure.TestBase.org$scalatest$concurrent$TimeLimitedTests$$super$withFixture(TestBase.scala:9)
	at app//org.scalatest.concurrent.TimeLimitedTests.$anonfun$withFixture$3(TimeLimitedTests.scala:154)
	at app//org.scalatest.enablers.Timed$$anon$1.timeoutAfter(Timed.scala:127)
	at app//org.scalatest.concurrent.TimeLimits.failAfterImpl(TimeLimits.scala:239)
	at app//org.scalatest.concurrent.TimeLimits.failAfterImpl$(TimeLimits.scala:233)
	at app//org.scalatest.concurrent.TimeLimits$.failAfterImpl(TimeLimits.scala:305)
	at app//org.scalatest.concurrent.TimeLimitedTests.withFixture(TimeLimitedTests.scala:153)
	at app//org.scalatest.concurrent.TimeLimitedTests.withFixture$(TimeLimitedTests.scala:150)
	at app//repls.infrastructure.TestBase.withFixture(TestBase.scala:9)
	at app//org.scalatest.FunSuiteLike.invokeWithFixture$1(FunSuiteLike.scala:184)
	at app//org.scalatest.FunSuiteLike.$anonfun$runTest$1(FunSuiteLike.scala:196)
	at app//org.scalatest.SuperEngine.runTestImpl(Engine.scala:286)
	at app//org.scalatest.FunSuiteLike.runTest(FunSuiteLike.scala:196)
	at app//org.scalatest.FunSuiteLike.runTest$(FunSuiteLike.scala:178)
	at app//org.scalatest.FunSuite.runTest(FunSuite.scala:1560)
	at app//org.scalatest.FunSuiteLike.$anonfun$runTests$1(FunSuiteLike.scala:229)
	at app//org.scalatest.SuperEngine.$anonfun$runTestsInBranch$1(Engine.scala:393)
	at app//scala.collection.immutable.List.foreach(List.scala:333)
	at app//org.scalatest.SuperEngine.traverseSubNodes$1(Engine.scala:381)
	at app//org.scalatest.SuperEngine.runTestsInBranch(Engine.scala:376)
	at app//org.scalatest.SuperEngine.runTestsImpl(Engine.scala:458)
	at app//org.scalatest.FunSuiteLike.runTests(FunSuiteLike.scala:229)
	at app//org.scalatest.FunSuiteLike.runTests$(FunSuiteLike.scala:228)
	at app//org.scalatest.FunSuite.runTests(FunSuite.scala:1560)
	at app//org.scalatest.Suite.run(Suite.scala:1124)
	at app//org.scalatest.Suite.run$(Suite.scala:1106)
	at app//org.scalatest.FunSuite.org$scalatest$FunSuiteLike$$super$run(FunSuite.scala:1560)
	at app//org.scalatest.FunSuiteLike.$anonfun$run$1(FunSuiteLike.scala:233)
	at app//org.scalatest.SuperEngine.runImpl(Engine.scala:518)
	at app//org.scalatest.FunSuiteLike.run(FunSuiteLike.scala:233)
	at app//org.scalatest.FunSuiteLike.run$(FunSuiteLike.scala:232)
	at app//repls.infrastructure.TestBase.run(TestBase.scala:26)
	at app//org.scalatest.Suite.callExecuteOnSuite$1(Suite.scala:1187)
	at app//org.scalatest.Suite.$anonfun$runNestedSuites$1(Suite.scala:1234)
	at app//scala.collection.ArrayOps$.foreach$extension(ArrayOps.scala:1323)
	at app//org.scalatest.Suite.runNestedSuites(Suite.scala:1232)
	at app//org.scalatest.Suite.runNestedSuites$(Suite.scala:1166)
	at app//org.scalatest.Suites.runNestedSuites(Suites.scala:56)
	at app//org.scalatest.Suite.run(Suite.scala:1121)
	at app//org.scalatest.Suite.run$(Suite.scala:1106)
	at app//repls.ReplsTestSuitesBase.runDirect(ReplsTestSuitesBase.scala:16)
	at app//repls.ReplsTestSuitesBase.runWithScoreCounter(ReplsTestSuitesBase.scala:11)
	at app//repls.ReplsTestSuite4_2.run(ReplsTestSuite4_2.scala:16)
	at app//org.scalatestplus.junit.JUnitRunner.run(JUnitRunner.scala:99)
	at org.gradle.api.internal.tasks.testing.junit.JUnitTestClassExecutor.runTestClass(JUnitTestClassExecutor.java:110)
	at org.gradle.api.internal.tasks.testing.junit.JUnitTestClassExecutor.execute(JUnitTestClassExecutor.java:58)
	at org.gradle.api.internal.tasks.testing.junit.JUnitTestClassExecutor.execute(JUnitTestClassExecutor.java:38)
	at org.gradle.api.internal.tasks.testing.junit.AbstractJUnitTestClassProcessor.processTestClass(AbstractJUnitTestClassProcessor.java:62)
	at org.gradle.api.internal.tasks.testing.SuiteTestClassProcessor.processTestClass(SuiteTestClassProcessor.java:51)
	at java.base@18.0.2.1/jdk.internal.reflect.DirectMethodHandleAccessor.invoke(DirectMethodHandleAccessor.java:104)
	at java.base@18.0.2.1/java.lang.reflect.Method.invoke(Method.java:577)
	at org.gradle.internal.dispatch.ReflectionDispatch.dispatch(ReflectionDispatch.java:36)
	at org.gradle.internal.dispatch.ReflectionDispatch.dispatch(ReflectionDispatch.java:24)
	at org.gradle.internal.dispatch.ContextClassLoaderDispatch.dispatch(ContextClassLoaderDispatch.java:33)
	at org.gradle.internal.dispatch.ProxyDispatchAdapter$DispatchingInvocationHandler.invoke(ProxyDispatchAdapter.java:94)
	at jdk.proxy1/jdk.proxy1.$Proxy2.processTestClass(Unknown Source)
	at org.gradle.api.internal.tasks.testing.worker.TestWorker$2.run(TestWorker.java:176)
	at org.gradle.api.internal.tasks.testing.worker.TestWorker.executeAndMaintainThreadName(TestWorker.java:129)
	at org.gradle.api.internal.tasks.testing.worker.TestWorker.execute(TestWorker.java:100)
	at org.gradle.api.internal.tasks.testing.worker.TestWorker.execute(TestWorker.java:60)
	at org.gradle.process.internal.worker.child.ActionExecutionWorker.execute(ActionExecutionWorker.java:56)
	at org.gradle.process.internal.worker.child.SystemApplicationClassLoaderWorker.call(SystemApplicationClassLoaderWorker.java:133)
	at org.gradle.process.internal.worker.child.SystemApplicationClassLoaderWorker.call(SystemApplicationClassLoaderWorker.java:71)
	at app//worker.org.gradle.process.internal.worker.GradleWorkerMain.run(GradleWorkerMain.java:69)
	at app//worker.org.gradle.process.internal.worker.GradleWorkerMain.main(GradleWorkerMain.java:74)
</failure>
  </testcase>
  <testcase name="Evaluate summation longer names" classname="repls.MultiSetReplTests" time="0.003">
    <failure message="org.scalatest.exceptions.TestFailedException: &quot;[( {a2,a4,a5} + {a1,a2,a3,a4,a5} ) + ( {a1,a2,a3,a5} + {a1,a3} + {a1,a2,a3,a5} )]&quot; did not equal &quot;[{a1,a1,a1,a1,a2,a2,a2,a2,a3,a3,a3,a3,a4,a4,a5,a5,a5,a5}]&quot;" type="org.scalatest.exceptions.TestFailedException">org.scalatest.exceptions.TestFailedException: &quot;[( {a2,a4,a5} + {a1,a2,a3,a4,a5} ) + ( {a1,a2,a3,a5} + {a1,a3} + {a1,a2,a3,a5} )]&quot; did not equal &quot;[{a1,a1,a1,a1,a2,a2,a2,a2,a3,a3,a3,a3,a4,a4,a5,a5,a5,a5}]&quot;
	at app//org.scalatest.Assertions.newAssertionFailedException(Assertions.scala:530)
	at app//org.scalatest.Assertions.newAssertionFailedException$(Assertions.scala:529)
	at app//org.scalatest.FunSuite.newAssertionFailedException(FunSuite.scala:1560)
	at app//org.scalatest.Assertions$AssertionsHelper.macroAssert(Assertions.scala:503)
	at app//repls.MultiSetReplTests.$anonfun$new$5(MultiSetReplTests.scala:61)
	at app//repls.infrastructure.TestBase.$anonfun$test$1(TestBase.scala:36)
	at app//org.scalatest.OutcomeOf.outcomeOf(OutcomeOf.scala:85)
	at app//org.scalatest.OutcomeOf.outcomeOf$(OutcomeOf.scala:83)
	at app//org.scalatest.OutcomeOf$.outcomeOf(OutcomeOf.scala:104)
	at app//org.scalatest.Transformer.apply(Transformer.scala:22)
	at app//org.scalatest.Transformer.apply(Transformer.scala:20)
	at app//org.scalatest.FunSuiteLike$$anon$1.apply(FunSuiteLike.scala:186)
	at app//org.scalatest.TestSuite.withFixture(TestSuite.scala:196)
	at app//org.scalatest.TestSuite.withFixture$(TestSuite.scala:195)
	at app//repls.infrastructure.TestBase.org$scalatest$concurrent$TimeLimitedTests$$super$withFixture(TestBase.scala:9)
	at app//org.scalatest.concurrent.TimeLimitedTests.$anonfun$withFixture$3(TimeLimitedTests.scala:154)
	at app//org.scalatest.enablers.Timed$$anon$1.timeoutAfter(Timed.scala:127)
	at app//org.scalatest.concurrent.TimeLimits.failAfterImpl(TimeLimits.scala:239)
	at app//org.scalatest.concurrent.TimeLimits.failAfterImpl$(TimeLimits.scala:233)
	at app//org.scalatest.concurrent.TimeLimits$.failAfterImpl(TimeLimits.scala:305)
	at app//org.scalatest.concurrent.TimeLimitedTests.withFixture(TimeLimitedTests.scala:153)
	at app//org.scalatest.concurrent.TimeLimitedTests.withFixture$(TimeLimitedTests.scala:150)
	at app//repls.infrastructure.TestBase.withFixture(TestBase.scala:9)
	at app//org.scalatest.FunSuiteLike.invokeWithFixture$1(FunSuiteLike.scala:184)
	at app//org.scalatest.FunSuiteLike.$anonfun$runTest$1(FunSuiteLike.scala:196)
	at app//org.scalatest.SuperEngine.runTestImpl(Engine.scala:286)
	at app//org.scalatest.FunSuiteLike.runTest(FunSuiteLike.scala:196)
	at app//org.scalatest.FunSuiteLike.runTest$(FunSuiteLike.scala:178)
	at app//org.scalatest.FunSuite.runTest(FunSuite.scala:1560)
	at app//org.scalatest.FunSuiteLike.$anonfun$runTests$1(FunSuiteLike.scala:229)
	at app//org.scalatest.SuperEngine.$anonfun$runTestsInBranch$1(Engine.scala:393)
	at app//scala.collection.immutable.List.foreach(List.scala:333)
	at app//org.scalatest.SuperEngine.traverseSubNodes$1(Engine.scala:381)
	at app//org.scalatest.SuperEngine.runTestsInBranch(Engine.scala:376)
	at app//org.scalatest.SuperEngine.runTestsImpl(Engine.scala:458)
	at app//org.scalatest.FunSuiteLike.runTests(FunSuiteLike.scala:229)
	at app//org.scalatest.FunSuiteLike.runTests$(FunSuiteLike.scala:228)
	at app//org.scalatest.FunSuite.runTests(FunSuite.scala:1560)
	at app//org.scalatest.Suite.run(Suite.scala:1124)
	at app//org.scalatest.Suite.run$(Suite.scala:1106)
	at app//org.scalatest.FunSuite.org$scalatest$FunSuiteLike$$super$run(FunSuite.scala:1560)
	at app//org.scalatest.FunSuiteLike.$anonfun$run$1(FunSuiteLike.scala:233)
	at app//org.scalatest.SuperEngine.runImpl(Engine.scala:518)
	at app//org.scalatest.FunSuiteLike.run(FunSuiteLike.scala:233)
	at app//org.scalatest.FunSuiteLike.run$(FunSuiteLike.scala:232)
	at app//repls.infrastructure.TestBase.run(TestBase.scala:26)
	at app//org.scalatest.Suite.callExecuteOnSuite$1(Suite.scala:1187)
	at app//org.scalatest.Suite.$anonfun$runNestedSuites$1(Suite.scala:1234)
	at app//scala.collection.ArrayOps$.foreach$extension(ArrayOps.scala:1323)
	at app//org.scalatest.Suite.runNestedSuites(Suite.scala:1232)
	at app//org.scalatest.Suite.runNestedSuites$(Suite.scala:1166)
	at app//org.scalatest.Suites.runNestedSuites(Suites.scala:56)
	at app//org.scalatest.Suite.run(Suite.scala:1121)
	at app//org.scalatest.Suite.run$(Suite.scala:1106)
	at app//repls.ReplsTestSuitesBase.runDirect(ReplsTestSuitesBase.scala:16)
	at app//repls.ReplsTestSuitesBase.runWithScoreCounter(ReplsTestSuitesBase.scala:11)
	at app//repls.ReplsTestSuite4_2.run(ReplsTestSuite4_2.scala:16)
	at app//org.scalatestplus.junit.JUnitRunner.run(JUnitRunner.scala:99)
	at org.gradle.api.internal.tasks.testing.junit.JUnitTestClassExecutor.runTestClass(JUnitTestClassExecutor.java:110)
	at org.gradle.api.internal.tasks.testing.junit.JUnitTestClassExecutor.execute(JUnitTestClassExecutor.java:58)
	at org.gradle.api.internal.tasks.testing.junit.JUnitTestClassExecutor.execute(JUnitTestClassExecutor.java:38)
	at org.gradle.api.internal.tasks.testing.junit.AbstractJUnitTestClassProcessor.processTestClass(AbstractJUnitTestClassProcessor.java:62)
	at org.gradle.api.internal.tasks.testing.SuiteTestClassProcessor.processTestClass(SuiteTestClassProcessor.java:51)
	at java.base@18.0.2.1/jdk.internal.reflect.DirectMethodHandleAccessor.invoke(DirectMethodHandleAccessor.java:104)
	at java.base@18.0.2.1/java.lang.reflect.Method.invoke(Method.java:577)
	at org.gradle.internal.dispatch.ReflectionDispatch.dispatch(ReflectionDispatch.java:36)
	at org.gradle.internal.dispatch.ReflectionDispatch.dispatch(ReflectionDispatch.java:24)
	at org.gradle.internal.dispatch.ContextClassLoaderDispatch.dispatch(ContextClassLoaderDispatch.java:33)
	at org.gradle.internal.dispatch.ProxyDispatchAdapter$DispatchingInvocationHandler.invoke(ProxyDispatchAdapter.java:94)
	at jdk.proxy1/jdk.proxy1.$Proxy2.processTestClass(Unknown Source)
	at org.gradle.api.internal.tasks.testing.worker.TestWorker$2.run(TestWorker.java:176)
	at org.gradle.api.internal.tasks.testing.worker.TestWorker.executeAndMaintainThreadName(TestWorker.java:129)
	at org.gradle.api.internal.tasks.testing.worker.TestWorker.execute(TestWorker.java:100)
	at org.gradle.api.internal.tasks.testing.worker.TestWorker.execute(TestWorker.java:60)
	at org.gradle.process.internal.worker.child.ActionExecutionWorker.execute(ActionExecutionWorker.java:56)
	at org.gradle.process.internal.worker.child.SystemApplicationClassLoaderWorker.call(SystemApplicationClassLoaderWorker.java:133)
	at org.gradle.process.internal.worker.child.SystemApplicationClassLoaderWorker.call(SystemApplicationClassLoaderWorker.java:71)
	at app//worker.org.gradle.process.internal.worker.GradleWorkerMain.run(GradleWorkerMain.java:69)
	at app//worker.org.gradle.process.internal.worker.GradleWorkerMain.main(GradleWorkerMain.java:74)
</failure>
  </testcase>
  <testcase name="Evaluate subtraction simple" classname="repls.MultiSetReplTests" time="0.001">
    <failure message="org.scalatest.exceptions.TestFailedException: &quot;{[a} - {a,b]}&quot; did not equal &quot;{[]}&quot;" type="org.scalatest.exceptions.TestFailedException">org.scalatest.exceptions.TestFailedException: &quot;{[a} - {a,b]}&quot; did not equal &quot;{[]}&quot;
	at app//org.scalatest.Assertions.newAssertionFailedException(Assertions.scala:530)
	at app//org.scalatest.Assertions.newAssertionFailedException$(Assertions.scala:529)
	at app//org.scalatest.FunSuite.newAssertionFailedException(FunSuite.scala:1560)
	at app//org.scalatest.Assertions$AssertionsHelper.macroAssert(Assertions.scala:503)
	at app//repls.MultiSetReplTests.$anonfun$new$6(MultiSetReplTests.scala:73)
	at app//repls.infrastructure.TestBase.$anonfun$test$1(TestBase.scala:36)
	at app//org.scalatest.OutcomeOf.outcomeOf(OutcomeOf.scala:85)
	at app//org.scalatest.OutcomeOf.outcomeOf$(OutcomeOf.scala:83)
	at app//org.scalatest.OutcomeOf$.outcomeOf(OutcomeOf.scala:104)
	at app//org.scalatest.Transformer.apply(Transformer.scala:22)
	at app//org.scalatest.Transformer.apply(Transformer.scala:20)
	at app//org.scalatest.FunSuiteLike$$anon$1.apply(FunSuiteLike.scala:186)
	at app//org.scalatest.TestSuite.withFixture(TestSuite.scala:196)
	at app//org.scalatest.TestSuite.withFixture$(TestSuite.scala:195)
	at app//repls.infrastructure.TestBase.org$scalatest$concurrent$TimeLimitedTests$$super$withFixture(TestBase.scala:9)
	at app//org.scalatest.concurrent.TimeLimitedTests.$anonfun$withFixture$3(TimeLimitedTests.scala:154)
	at app//org.scalatest.enablers.Timed$$anon$1.timeoutAfter(Timed.scala:127)
	at app//org.scalatest.concurrent.TimeLimits.failAfterImpl(TimeLimits.scala:239)
	at app//org.scalatest.concurrent.TimeLimits.failAfterImpl$(TimeLimits.scala:233)
	at app//org.scalatest.concurrent.TimeLimits$.failAfterImpl(TimeLimits.scala:305)
	at app//org.scalatest.concurrent.TimeLimitedTests.withFixture(TimeLimitedTests.scala:153)
	at app//org.scalatest.concurrent.TimeLimitedTests.withFixture$(TimeLimitedTests.scala:150)
	at app//repls.infrastructure.TestBase.withFixture(TestBase.scala:9)
	at app//org.scalatest.FunSuiteLike.invokeWithFixture$1(FunSuiteLike.scala:184)
	at app//org.scalatest.FunSuiteLike.$anonfun$runTest$1(FunSuiteLike.scala:196)
	at app//org.scalatest.SuperEngine.runTestImpl(Engine.scala:286)
	at app//org.scalatest.FunSuiteLike.runTest(FunSuiteLike.scala:196)
	at app//org.scalatest.FunSuiteLike.runTest$(FunSuiteLike.scala:178)
	at app//org.scalatest.FunSuite.runTest(FunSuite.scala:1560)
	at app//org.scalatest.FunSuiteLike.$anonfun$runTests$1(FunSuiteLike.scala:229)
	at app//org.scalatest.SuperEngine.$anonfun$runTestsInBranch$1(Engine.scala:393)
	at app//scala.collection.immutable.List.foreach(List.scala:333)
	at app//org.scalatest.SuperEngine.traverseSubNodes$1(Engine.scala:381)
	at app//org.scalatest.SuperEngine.runTestsInBranch(Engine.scala:376)
	at app//org.scalatest.SuperEngine.runTestsImpl(Engine.scala:458)
	at app//org.scalatest.FunSuiteLike.runTests(FunSuiteLike.scala:229)
	at app//org.scalatest.FunSuiteLike.runTests$(FunSuiteLike.scala:228)
	at app//org.scalatest.FunSuite.runTests(FunSuite.scala:1560)
	at app//org.scalatest.Suite.run(Suite.scala:1124)
	at app//org.scalatest.Suite.run$(Suite.scala:1106)
	at app//org.scalatest.FunSuite.org$scalatest$FunSuiteLike$$super$run(FunSuite.scala:1560)
	at app//org.scalatest.FunSuiteLike.$anonfun$run$1(FunSuiteLike.scala:233)
	at app//org.scalatest.SuperEngine.runImpl(Engine.scala:518)
	at app//org.scalatest.FunSuiteLike.run(FunSuiteLike.scala:233)
	at app//org.scalatest.FunSuiteLike.run$(FunSuiteLike.scala:232)
	at app//repls.infrastructure.TestBase.run(TestBase.scala:26)
	at app//org.scalatest.Suite.callExecuteOnSuite$1(Suite.scala:1187)
	at app//org.scalatest.Suite.$anonfun$runNestedSuites$1(Suite.scala:1234)
	at app//scala.collection.ArrayOps$.foreach$extension(ArrayOps.scala:1323)
	at app//org.scalatest.Suite.runNestedSuites(Suite.scala:1232)
	at app//org.scalatest.Suite.runNestedSuites$(Suite.scala:1166)
	at app//org.scalatest.Suites.runNestedSuites(Suites.scala:56)
	at app//org.scalatest.Suite.run(Suite.scala:1121)
	at app//org.scalatest.Suite.run$(Suite.scala:1106)
	at app//repls.ReplsTestSuitesBase.runDirect(ReplsTestSuitesBase.scala:16)
	at app//repls.ReplsTestSuitesBase.runWithScoreCounter(ReplsTestSuitesBase.scala:11)
	at app//repls.ReplsTestSuite4_2.run(ReplsTestSuite4_2.scala:16)
	at app//org.scalatestplus.junit.JUnitRunner.run(JUnitRunner.scala:99)
	at org.gradle.api.internal.tasks.testing.junit.JUnitTestClassExecutor.runTestClass(JUnitTestClassExecutor.java:110)
	at org.gradle.api.internal.tasks.testing.junit.JUnitTestClassExecutor.execute(JUnitTestClassExecutor.java:58)
	at org.gradle.api.internal.tasks.testing.junit.JUnitTestClassExecutor.execute(JUnitTestClassExecutor.java:38)
	at org.gradle.api.internal.tasks.testing.junit.AbstractJUnitTestClassProcessor.processTestClass(AbstractJUnitTestClassProcessor.java:62)
	at org.gradle.api.internal.tasks.testing.SuiteTestClassProcessor.processTestClass(SuiteTestClassProcessor.java:51)
	at java.base@18.0.2.1/jdk.internal.reflect.DirectMethodHandleAccessor.invoke(DirectMethodHandleAccessor.java:104)
	at java.base@18.0.2.1/java.lang.reflect.Method.invoke(Method.java:577)
	at org.gradle.internal.dispatch.ReflectionDispatch.dispatch(ReflectionDispatch.java:36)
	at org.gradle.internal.dispatch.ReflectionDispatch.dispatch(ReflectionDispatch.java:24)
	at org.gradle.internal.dispatch.ContextClassLoaderDispatch.dispatch(ContextClassLoaderDispatch.java:33)
	at org.gradle.internal.dispatch.ProxyDispatchAdapter$DispatchingInvocationHandler.invoke(ProxyDispatchAdapter.java:94)
	at jdk.proxy1/jdk.proxy1.$Proxy2.processTestClass(Unknown Source)
	at org.gradle.api.internal.tasks.testing.worker.TestWorker$2.run(TestWorker.java:176)
	at org.gradle.api.internal.tasks.testing.worker.TestWorker.executeAndMaintainThreadName(TestWorker.java:129)
	at org.gradle.api.internal.tasks.testing.worker.TestWorker.execute(TestWorker.java:100)
	at org.gradle.api.internal.tasks.testing.worker.TestWorker.execute(TestWorker.java:60)
	at org.gradle.process.internal.worker.child.ActionExecutionWorker.execute(ActionExecutionWorker.java:56)
	at org.gradle.process.internal.worker.child.SystemApplicationClassLoaderWorker.call(SystemApplicationClassLoaderWorker.java:133)
	at org.gradle.process.internal.worker.child.SystemApplicationClassLoaderWorker.call(SystemApplicationClassLoaderWorker.java:71)
	at app//worker.org.gradle.process.internal.worker.GradleWorkerMain.run(GradleWorkerMain.java:69)
	at app//worker.org.gradle.process.internal.worker.GradleWorkerMain.main(GradleWorkerMain.java:74)
</failure>
  </testcase>
  <testcase name="Evaluate subtraction brackets" classname="repls.MultiSetReplTests" time="0.001">
    <failure message="org.scalatest.exceptions.TestFailedException: &quot;[( ( {a,b,c} - {a} ) - {a,b} ) - {m,n]}&quot; did not equal &quot;[{c]}&quot;" type="org.scalatest.exceptions.TestFailedException">org.scalatest.exceptions.TestFailedException: &quot;[( ( {a,b,c} - {a} ) - {a,b} ) - {m,n]}&quot; did not equal &quot;[{c]}&quot;
	at app//org.scalatest.Assertions.newAssertionFailedException(Assertions.scala:530)
	at app//org.scalatest.Assertions.newAssertionFailedException$(Assertions.scala:529)
	at app//org.scalatest.FunSuite.newAssertionFailedException(FunSuite.scala:1560)
	at app//org.scalatest.Assertions$AssertionsHelper.macroAssert(Assertions.scala:503)
	at app//repls.MultiSetReplTests.$anonfun$new$7(MultiSetReplTests.scala:82)
	at app//repls.infrastructure.TestBase.$anonfun$test$1(TestBase.scala:36)
	at app//org.scalatest.OutcomeOf.outcomeOf(OutcomeOf.scala:85)
	at app//org.scalatest.OutcomeOf.outcomeOf$(OutcomeOf.scala:83)
	at app//org.scalatest.OutcomeOf$.outcomeOf(OutcomeOf.scala:104)
	at app//org.scalatest.Transformer.apply(Transformer.scala:22)
	at app//org.scalatest.Transformer.apply(Transformer.scala:20)
	at app//org.scalatest.FunSuiteLike$$anon$1.apply(FunSuiteLike.scala:186)
	at app//org.scalatest.TestSuite.withFixture(TestSuite.scala:196)
	at app//org.scalatest.TestSuite.withFixture$(TestSuite.scala:195)
	at app//repls.infrastructure.TestBase.org$scalatest$concurrent$TimeLimitedTests$$super$withFixture(TestBase.scala:9)
	at app//org.scalatest.concurrent.TimeLimitedTests.$anonfun$withFixture$3(TimeLimitedTests.scala:154)
	at app//org.scalatest.enablers.Timed$$anon$1.timeoutAfter(Timed.scala:127)
	at app//org.scalatest.concurrent.TimeLimits.failAfterImpl(TimeLimits.scala:239)
	at app//org.scalatest.concurrent.TimeLimits.failAfterImpl$(TimeLimits.scala:233)
	at app//org.scalatest.concurrent.TimeLimits$.failAfterImpl(TimeLimits.scala:305)
	at app//org.scalatest.concurrent.TimeLimitedTests.withFixture(TimeLimitedTests.scala:153)
	at app//org.scalatest.concurrent.TimeLimitedTests.withFixture$(TimeLimitedTests.scala:150)
	at app//repls.infrastructure.TestBase.withFixture(TestBase.scala:9)
	at app//org.scalatest.FunSuiteLike.invokeWithFixture$1(FunSuiteLike.scala:184)
	at app//org.scalatest.FunSuiteLike.$anonfun$runTest$1(FunSuiteLike.scala:196)
	at app//org.scalatest.SuperEngine.runTestImpl(Engine.scala:286)
	at app//org.scalatest.FunSuiteLike.runTest(FunSuiteLike.scala:196)
	at app//org.scalatest.FunSuiteLike.runTest$(FunSuiteLike.scala:178)
	at app//org.scalatest.FunSuite.runTest(FunSuite.scala:1560)
	at app//org.scalatest.FunSuiteLike.$anonfun$runTests$1(FunSuiteLike.scala:229)
	at app//org.scalatest.SuperEngine.$anonfun$runTestsInBranch$1(Engine.scala:393)
	at app//scala.collection.immutable.List.foreach(List.scala:333)
	at app//org.scalatest.SuperEngine.traverseSubNodes$1(Engine.scala:381)
	at app//org.scalatest.SuperEngine.runTestsInBranch(Engine.scala:376)
	at app//org.scalatest.SuperEngine.runTestsImpl(Engine.scala:458)
	at app//org.scalatest.FunSuiteLike.runTests(FunSuiteLike.scala:229)
	at app//org.scalatest.FunSuiteLike.runTests$(FunSuiteLike.scala:228)
	at app//org.scalatest.FunSuite.runTests(FunSuite.scala:1560)
	at app//org.scalatest.Suite.run(Suite.scala:1124)
	at app//org.scalatest.Suite.run$(Suite.scala:1106)
	at app//org.scalatest.FunSuite.org$scalatest$FunSuiteLike$$super$run(FunSuite.scala:1560)
	at app//org.scalatest.FunSuiteLike.$anonfun$run$1(FunSuiteLike.scala:233)
	at app//org.scalatest.SuperEngine.runImpl(Engine.scala:518)
	at app//org.scalatest.FunSuiteLike.run(FunSuiteLike.scala:233)
	at app//org.scalatest.FunSuiteLike.run$(FunSuiteLike.scala:232)
	at app//repls.infrastructure.TestBase.run(TestBase.scala:26)
	at app//org.scalatest.Suite.callExecuteOnSuite$1(Suite.scala:1187)
	at app//org.scalatest.Suite.$anonfun$runNestedSuites$1(Suite.scala:1234)
	at app//scala.collection.ArrayOps$.foreach$extension(ArrayOps.scala:1323)
	at app//org.scalatest.Suite.runNestedSuites(Suite.scala:1232)
	at app//org.scalatest.Suite.runNestedSuites$(Suite.scala:1166)
	at app//org.scalatest.Suites.runNestedSuites(Suites.scala:56)
	at app//org.scalatest.Suite.run(Suite.scala:1121)
	at app//org.scalatest.Suite.run$(Suite.scala:1106)
	at app//repls.ReplsTestSuitesBase.runDirect(ReplsTestSuitesBase.scala:16)
	at app//repls.ReplsTestSuitesBase.runWithScoreCounter(ReplsTestSuitesBase.scala:11)
	at app//repls.ReplsTestSuite4_2.run(ReplsTestSuite4_2.scala:16)
	at app//org.scalatestplus.junit.JUnitRunner.run(JUnitRunner.scala:99)
	at org.gradle.api.internal.tasks.testing.junit.JUnitTestClassExecutor.runTestClass(JUnitTestClassExecutor.java:110)
	at org.gradle.api.internal.tasks.testing.junit.JUnitTestClassExecutor.execute(JUnitTestClassExecutor.java:58)
	at org.gradle.api.internal.tasks.testing.junit.JUnitTestClassExecutor.execute(JUnitTestClassExecutor.java:38)
	at org.gradle.api.internal.tasks.testing.junit.AbstractJUnitTestClassProcessor.processTestClass(AbstractJUnitTestClassProcessor.java:62)
	at org.gradle.api.internal.tasks.testing.SuiteTestClassProcessor.processTestClass(SuiteTestClassProcessor.java:51)
	at java.base@18.0.2.1/jdk.internal.reflect.DirectMethodHandleAccessor.invoke(DirectMethodHandleAccessor.java:104)
	at java.base@18.0.2.1/java.lang.reflect.Method.invoke(Method.java:577)
	at org.gradle.internal.dispatch.ReflectionDispatch.dispatch(ReflectionDispatch.java:36)
	at org.gradle.internal.dispatch.ReflectionDispatch.dispatch(ReflectionDispatch.java:24)
	at org.gradle.internal.dispatch.ContextClassLoaderDispatch.dispatch(ContextClassLoaderDispatch.java:33)
	at org.gradle.internal.dispatch.ProxyDispatchAdapter$DispatchingInvocationHandler.invoke(ProxyDispatchAdapter.java:94)
	at jdk.proxy1/jdk.proxy1.$Proxy2.processTestClass(Unknown Source)
	at org.gradle.api.internal.tasks.testing.worker.TestWorker$2.run(TestWorker.java:176)
	at org.gradle.api.internal.tasks.testing.worker.TestWorker.executeAndMaintainThreadName(TestWorker.java:129)
	at org.gradle.api.internal.tasks.testing.worker.TestWorker.execute(TestWorker.java:100)
	at org.gradle.api.internal.tasks.testing.worker.TestWorker.execute(TestWorker.java:60)
	at org.gradle.process.internal.worker.child.ActionExecutionWorker.execute(ActionExecutionWorker.java:56)
	at org.gradle.process.internal.worker.child.SystemApplicationClassLoaderWorker.call(SystemApplicationClassLoaderWorker.java:133)
	at org.gradle.process.internal.worker.child.SystemApplicationClassLoaderWorker.call(SystemApplicationClassLoaderWorker.java:71)
	at app//worker.org.gradle.process.internal.worker.GradleWorkerMain.run(GradleWorkerMain.java:69)
	at app//worker.org.gradle.process.internal.worker.GradleWorkerMain.main(GradleWorkerMain.java:74)
</failure>
  </testcase>
  <testcase name="Evaluate intersection simple" classname="repls.MultiSetReplTests" time="0.0">
    <failure message="org.scalatest.exceptions.TestFailedException: &quot;{a,[a,b,c,c,e} * {a,b,f,f,g]}&quot; did not equal &quot;{a,[b]}&quot;" type="org.scalatest.exceptions.TestFailedException">org.scalatest.exceptions.TestFailedException: &quot;{a,[a,b,c,c,e} * {a,b,f,f,g]}&quot; did not equal &quot;{a,[b]}&quot;
	at app//org.scalatest.Assertions.newAssertionFailedException(Assertions.scala:530)
	at app//org.scalatest.Assertions.newAssertionFailedException$(Assertions.scala:529)
	at app//org.scalatest.FunSuite.newAssertionFailedException(FunSuite.scala:1560)
	at app//org.scalatest.Assertions$AssertionsHelper.macroAssert(Assertions.scala:503)
	at app//repls.MultiSetReplTests.$anonfun$new$8(MultiSetReplTests.scala:94)
	at app//repls.infrastructure.TestBase.$anonfun$test$1(TestBase.scala:36)
	at app//org.scalatest.OutcomeOf.outcomeOf(OutcomeOf.scala:85)
	at app//org.scalatest.OutcomeOf.outcomeOf$(OutcomeOf.scala:83)
	at app//org.scalatest.OutcomeOf$.outcomeOf(OutcomeOf.scala:104)
	at app//org.scalatest.Transformer.apply(Transformer.scala:22)
	at app//org.scalatest.Transformer.apply(Transformer.scala:20)
	at app//org.scalatest.FunSuiteLike$$anon$1.apply(FunSuiteLike.scala:186)
	at app//org.scalatest.TestSuite.withFixture(TestSuite.scala:196)
	at app//org.scalatest.TestSuite.withFixture$(TestSuite.scala:195)
	at app//repls.infrastructure.TestBase.org$scalatest$concurrent$TimeLimitedTests$$super$withFixture(TestBase.scala:9)
	at app//org.scalatest.concurrent.TimeLimitedTests.$anonfun$withFixture$3(TimeLimitedTests.scala:154)
	at app//org.scalatest.enablers.Timed$$anon$1.timeoutAfter(Timed.scala:127)
	at app//org.scalatest.concurrent.TimeLimits.failAfterImpl(TimeLimits.scala:239)
	at app//org.scalatest.concurrent.TimeLimits.failAfterImpl$(TimeLimits.scala:233)
	at app//org.scalatest.concurrent.TimeLimits$.failAfterImpl(TimeLimits.scala:305)
	at app//org.scalatest.concurrent.TimeLimitedTests.withFixture(TimeLimitedTests.scala:153)
	at app//org.scalatest.concurrent.TimeLimitedTests.withFixture$(TimeLimitedTests.scala:150)
	at app//repls.infrastructure.TestBase.withFixture(TestBase.scala:9)
	at app//org.scalatest.FunSuiteLike.invokeWithFixture$1(FunSuiteLike.scala:184)
	at app//org.scalatest.FunSuiteLike.$anonfun$runTest$1(FunSuiteLike.scala:196)
	at app//org.scalatest.SuperEngine.runTestImpl(Engine.scala:286)
	at app//org.scalatest.FunSuiteLike.runTest(FunSuiteLike.scala:196)
	at app//org.scalatest.FunSuiteLike.runTest$(FunSuiteLike.scala:178)
	at app//org.scalatest.FunSuite.runTest(FunSuite.scala:1560)
	at app//org.scalatest.FunSuiteLike.$anonfun$runTests$1(FunSuiteLike.scala:229)
	at app//org.scalatest.SuperEngine.$anonfun$runTestsInBranch$1(Engine.scala:393)
	at app//scala.collection.immutable.List.foreach(List.scala:333)
	at app//org.scalatest.SuperEngine.traverseSubNodes$1(Engine.scala:381)
	at app//org.scalatest.SuperEngine.runTestsInBranch(Engine.scala:376)
	at app//org.scalatest.SuperEngine.runTestsImpl(Engine.scala:458)
	at app//org.scalatest.FunSuiteLike.runTests(FunSuiteLike.scala:229)
	at app//org.scalatest.FunSuiteLike.runTests$(FunSuiteLike.scala:228)
	at app//org.scalatest.FunSuite.runTests(FunSuite.scala:1560)
	at app//org.scalatest.Suite.run(Suite.scala:1124)
	at app//org.scalatest.Suite.run$(Suite.scala:1106)
	at app//org.scalatest.FunSuite.org$scalatest$FunSuiteLike$$super$run(FunSuite.scala:1560)
	at app//org.scalatest.FunSuiteLike.$anonfun$run$1(FunSuiteLike.scala:233)
	at app//org.scalatest.SuperEngine.runImpl(Engine.scala:518)
	at app//org.scalatest.FunSuiteLike.run(FunSuiteLike.scala:233)
	at app//org.scalatest.FunSuiteLike.run$(FunSuiteLike.scala:232)
	at app//repls.infrastructure.TestBase.run(TestBase.scala:26)
	at app//org.scalatest.Suite.callExecuteOnSuite$1(Suite.scala:1187)
	at app//org.scalatest.Suite.$anonfun$runNestedSuites$1(Suite.scala:1234)
	at app//scala.collection.ArrayOps$.foreach$extension(ArrayOps.scala:1323)
	at app//org.scalatest.Suite.runNestedSuites(Suite.scala:1232)
	at app//org.scalatest.Suite.runNestedSuites$(Suite.scala:1166)
	at app//org.scalatest.Suites.runNestedSuites(Suites.scala:56)
	at app//org.scalatest.Suite.run(Suite.scala:1121)
	at app//org.scalatest.Suite.run$(Suite.scala:1106)
	at app//repls.ReplsTestSuitesBase.runDirect(ReplsTestSuitesBase.scala:16)
	at app//repls.ReplsTestSuitesBase.runWithScoreCounter(ReplsTestSuitesBase.scala:11)
	at app//repls.ReplsTestSuite4_2.run(ReplsTestSuite4_2.scala:16)
	at app//org.scalatestplus.junit.JUnitRunner.run(JUnitRunner.scala:99)
	at org.gradle.api.internal.tasks.testing.junit.JUnitTestClassExecutor.runTestClass(JUnitTestClassExecutor.java:110)
	at org.gradle.api.internal.tasks.testing.junit.JUnitTestClassExecutor.execute(JUnitTestClassExecutor.java:58)
	at org.gradle.api.internal.tasks.testing.junit.JUnitTestClassExecutor.execute(JUnitTestClassExecutor.java:38)
	at org.gradle.api.internal.tasks.testing.junit.AbstractJUnitTestClassProcessor.processTestClass(AbstractJUnitTestClassProcessor.java:62)
	at org.gradle.api.internal.tasks.testing.SuiteTestClassProcessor.processTestClass(SuiteTestClassProcessor.java:51)
	at java.base@18.0.2.1/jdk.internal.reflect.DirectMethodHandleAccessor.invoke(DirectMethodHandleAccessor.java:104)
	at java.base@18.0.2.1/java.lang.reflect.Method.invoke(Method.java:577)
	at org.gradle.internal.dispatch.ReflectionDispatch.dispatch(ReflectionDispatch.java:36)
	at org.gradle.internal.dispatch.ReflectionDispatch.dispatch(ReflectionDispatch.java:24)
	at org.gradle.internal.dispatch.ContextClassLoaderDispatch.dispatch(ContextClassLoaderDispatch.java:33)
	at org.gradle.internal.dispatch.ProxyDispatchAdapter$DispatchingInvocationHandler.invoke(ProxyDispatchAdapter.java:94)
	at jdk.proxy1/jdk.proxy1.$Proxy2.processTestClass(Unknown Source)
	at org.gradle.api.internal.tasks.testing.worker.TestWorker$2.run(TestWorker.java:176)
	at org.gradle.api.internal.tasks.testing.worker.TestWorker.executeAndMaintainThreadName(TestWorker.java:129)
	at org.gradle.api.internal.tasks.testing.worker.TestWorker.execute(TestWorker.java:100)
	at org.gradle.api.internal.tasks.testing.worker.TestWorker.execute(TestWorker.java:60)
	at org.gradle.process.internal.worker.child.ActionExecutionWorker.execute(ActionExecutionWorker.java:56)
	at org.gradle.process.internal.worker.child.SystemApplicationClassLoaderWorker.call(SystemApplicationClassLoaderWorker.java:133)
	at org.gradle.process.internal.worker.child.SystemApplicationClassLoaderWorker.call(SystemApplicationClassLoaderWorker.java:71)
	at app//worker.org.gradle.process.internal.worker.GradleWorkerMain.run(GradleWorkerMain.java:69)
	at app//worker.org.gradle.process.internal.worker.GradleWorkerMain.main(GradleWorkerMain.java:74)
</failure>
  </testcase>
  <testcase name="Evaluate intersection brackets" classname="repls.MultiSetReplTests" time="0.001">
    <failure message="org.scalatest.exceptions.TestFailedException: &quot;[( {g,g,r,r,t} * {r,t,e,d} ) * ( {y,y,u,d,r} * {y,u,r,d} )]&quot; did not equal &quot;[{r}]&quot;" type="org.scalatest.exceptions.TestFailedException">org.scalatest.exceptions.TestFailedException: &quot;[( {g,g,r,r,t} * {r,t,e,d} ) * ( {y,y,u,d,r} * {y,u,r,d} )]&quot; did not equal &quot;[{r}]&quot;
	at app//org.scalatest.Assertions.newAssertionFailedException(Assertions.scala:530)
	at app//org.scalatest.Assertions.newAssertionFailedException$(Assertions.scala:529)
	at app//org.scalatest.FunSuite.newAssertionFailedException(FunSuite.scala:1560)
	at app//org.scalatest.Assertions$AssertionsHelper.macroAssert(Assertions.scala:503)
	at app//repls.MultiSetReplTests.$anonfun$new$9(MultiSetReplTests.scala:103)
	at app//repls.infrastructure.TestBase.$anonfun$test$1(TestBase.scala:36)
	at app//org.scalatest.OutcomeOf.outcomeOf(OutcomeOf.scala:85)
	at app//org.scalatest.OutcomeOf.outcomeOf$(OutcomeOf.scala:83)
	at app//org.scalatest.OutcomeOf$.outcomeOf(OutcomeOf.scala:104)
	at app//org.scalatest.Transformer.apply(Transformer.scala:22)
	at app//org.scalatest.Transformer.apply(Transformer.scala:20)
	at app//org.scalatest.FunSuiteLike$$anon$1.apply(FunSuiteLike.scala:186)
	at app//org.scalatest.TestSuite.withFixture(TestSuite.scala:196)
	at app//org.scalatest.TestSuite.withFixture$(TestSuite.scala:195)
	at app//repls.infrastructure.TestBase.org$scalatest$concurrent$TimeLimitedTests$$super$withFixture(TestBase.scala:9)
	at app//org.scalatest.concurrent.TimeLimitedTests.$anonfun$withFixture$3(TimeLimitedTests.scala:154)
	at app//org.scalatest.enablers.Timed$$anon$1.timeoutAfter(Timed.scala:127)
	at app//org.scalatest.concurrent.TimeLimits.failAfterImpl(TimeLimits.scala:239)
	at app//org.scalatest.concurrent.TimeLimits.failAfterImpl$(TimeLimits.scala:233)
	at app//org.scalatest.concurrent.TimeLimits$.failAfterImpl(TimeLimits.scala:305)
	at app//org.scalatest.concurrent.TimeLimitedTests.withFixture(TimeLimitedTests.scala:153)
	at app//org.scalatest.concurrent.TimeLimitedTests.withFixture$(TimeLimitedTests.scala:150)
	at app//repls.infrastructure.TestBase.withFixture(TestBase.scala:9)
	at app//org.scalatest.FunSuiteLike.invokeWithFixture$1(FunSuiteLike.scala:184)
	at app//org.scalatest.FunSuiteLike.$anonfun$runTest$1(FunSuiteLike.scala:196)
	at app//org.scalatest.SuperEngine.runTestImpl(Engine.scala:286)
	at app//org.scalatest.FunSuiteLike.runTest(FunSuiteLike.scala:196)
	at app//org.scalatest.FunSuiteLike.runTest$(FunSuiteLike.scala:178)
	at app//org.scalatest.FunSuite.runTest(FunSuite.scala:1560)
	at app//org.scalatest.FunSuiteLike.$anonfun$runTests$1(FunSuiteLike.scala:229)
	at app//org.scalatest.SuperEngine.$anonfun$runTestsInBranch$1(Engine.scala:393)
	at app//scala.collection.immutable.List.foreach(List.scala:333)
	at app//org.scalatest.SuperEngine.traverseSubNodes$1(Engine.scala:381)
	at app//org.scalatest.SuperEngine.runTestsInBranch(Engine.scala:376)
	at app//org.scalatest.SuperEngine.runTestsImpl(Engine.scala:458)
	at app//org.scalatest.FunSuiteLike.runTests(FunSuiteLike.scala:229)
	at app//org.scalatest.FunSuiteLike.runTests$(FunSuiteLike.scala:228)
	at app//org.scalatest.FunSuite.runTests(FunSuite.scala:1560)
	at app//org.scalatest.Suite.run(Suite.scala:1124)
	at app//org.scalatest.Suite.run$(Suite.scala:1106)
	at app//org.scalatest.FunSuite.org$scalatest$FunSuiteLike$$super$run(FunSuite.scala:1560)
	at app//org.scalatest.FunSuiteLike.$anonfun$run$1(FunSuiteLike.scala:233)
	at app//org.scalatest.SuperEngine.runImpl(Engine.scala:518)
	at app//org.scalatest.FunSuiteLike.run(FunSuiteLike.scala:233)
	at app//org.scalatest.FunSuiteLike.run$(FunSuiteLike.scala:232)
	at app//repls.infrastructure.TestBase.run(TestBase.scala:26)
	at app//org.scalatest.Suite.callExecuteOnSuite$1(Suite.scala:1187)
	at app//org.scalatest.Suite.$anonfun$runNestedSuites$1(Suite.scala:1234)
	at app//scala.collection.ArrayOps$.foreach$extension(ArrayOps.scala:1323)
	at app//org.scalatest.Suite.runNestedSuites(Suite.scala:1232)
	at app//org.scalatest.Suite.runNestedSuites$(Suite.scala:1166)
	at app//org.scalatest.Suites.runNestedSuites(Suites.scala:56)
	at app//org.scalatest.Suite.run(Suite.scala:1121)
	at app//org.scalatest.Suite.run$(Suite.scala:1106)
	at app//repls.ReplsTestSuitesBase.runDirect(ReplsTestSuitesBase.scala:16)
	at app//repls.ReplsTestSuitesBase.runWithScoreCounter(ReplsTestSuitesBase.scala:11)
	at app//repls.ReplsTestSuite4_2.run(ReplsTestSuite4_2.scala:16)
	at app//org.scalatestplus.junit.JUnitRunner.run(JUnitRunner.scala:99)
	at org.gradle.api.internal.tasks.testing.junit.JUnitTestClassExecutor.runTestClass(JUnitTestClassExecutor.java:110)
	at org.gradle.api.internal.tasks.testing.junit.JUnitTestClassExecutor.execute(JUnitTestClassExecutor.java:58)
	at org.gradle.api.internal.tasks.testing.junit.JUnitTestClassExecutor.execute(JUnitTestClassExecutor.java:38)
	at org.gradle.api.internal.tasks.testing.junit.AbstractJUnitTestClassProcessor.processTestClass(AbstractJUnitTestClassProcessor.java:62)
	at org.gradle.api.internal.tasks.testing.SuiteTestClassProcessor.processTestClass(SuiteTestClassProcessor.java:51)
	at java.base@18.0.2.1/jdk.internal.reflect.DirectMethodHandleAccessor.invoke(DirectMethodHandleAccessor.java:104)
	at java.base@18.0.2.1/java.lang.reflect.Method.invoke(Method.java:577)
	at org.gradle.internal.dispatch.ReflectionDispatch.dispatch(ReflectionDispatch.java:36)
	at org.gradle.internal.dispatch.ReflectionDispatch.dispatch(ReflectionDispatch.java:24)
	at org.gradle.internal.dispatch.ContextClassLoaderDispatch.dispatch(ContextClassLoaderDispatch.java:33)
	at org.gradle.internal.dispatch.ProxyDispatchAdapter$DispatchingInvocationHandler.invoke(ProxyDispatchAdapter.java:94)
	at jdk.proxy1/jdk.proxy1.$Proxy2.processTestClass(Unknown Source)
	at org.gradle.api.internal.tasks.testing.worker.TestWorker$2.run(TestWorker.java:176)
	at org.gradle.api.internal.tasks.testing.worker.TestWorker.executeAndMaintainThreadName(TestWorker.java:129)
	at org.gradle.api.internal.tasks.testing.worker.TestWorker.execute(TestWorker.java:100)
	at org.gradle.api.internal.tasks.testing.worker.TestWorker.execute(TestWorker.java:60)
	at org.gradle.process.internal.worker.child.ActionExecutionWorker.execute(ActionExecutionWorker.java:56)
	at org.gradle.process.internal.worker.child.SystemApplicationClassLoaderWorker.call(SystemApplicationClassLoaderWorker.java:133)
	at org.gradle.process.internal.worker.child.SystemApplicationClassLoaderWorker.call(SystemApplicationClassLoaderWorker.java:71)
	at app//worker.org.gradle.process.internal.worker.GradleWorkerMain.run(GradleWorkerMain.java:69)
	at app//worker.org.gradle.process.internal.worker.GradleWorkerMain.main(GradleWorkerMain.java:74)
</failure>
  </testcase>
  <testcase name="Evaluate expressions simple" classname="repls.MultiSetReplTests" time="0.002">
    <failure message="org.scalatest.exceptions.TestFailedException: &quot;{a,a,b,d[} + {r,r,t,d} * {i,j,k],d}&quot; did not equal &quot;{a,a,b,d[],d}&quot;" type="org.scalatest.exceptions.TestFailedException">org.scalatest.exceptions.TestFailedException: &quot;{a,a,b,d[} + {r,r,t,d} * {i,j,k],d}&quot; did not equal &quot;{a,a,b,d[],d}&quot;
	at app//org.scalatest.Assertions.newAssertionFailedException(Assertions.scala:530)
	at app//org.scalatest.Assertions.newAssertionFailedException$(Assertions.scala:529)
	at app//org.scalatest.FunSuite.newAssertionFailedException(FunSuite.scala:1560)
	at app//org.scalatest.Assertions$AssertionsHelper.macroAssert(Assertions.scala:503)
	at app//repls.MultiSetReplTests.$anonfun$new$10(MultiSetReplTests.scala:115)
	at app//repls.infrastructure.TestBase.$anonfun$test$1(TestBase.scala:36)
	at app//org.scalatest.OutcomeOf.outcomeOf(OutcomeOf.scala:85)
	at app//org.scalatest.OutcomeOf.outcomeOf$(OutcomeOf.scala:83)
	at app//org.scalatest.OutcomeOf$.outcomeOf(OutcomeOf.scala:104)
	at app//org.scalatest.Transformer.apply(Transformer.scala:22)
	at app//org.scalatest.Transformer.apply(Transformer.scala:20)
	at app//org.scalatest.FunSuiteLike$$anon$1.apply(FunSuiteLike.scala:186)
	at app//org.scalatest.TestSuite.withFixture(TestSuite.scala:196)
	at app//org.scalatest.TestSuite.withFixture$(TestSuite.scala:195)
	at app//repls.infrastructure.TestBase.org$scalatest$concurrent$TimeLimitedTests$$super$withFixture(TestBase.scala:9)
	at app//org.scalatest.concurrent.TimeLimitedTests.$anonfun$withFixture$3(TimeLimitedTests.scala:154)
	at app//org.scalatest.enablers.Timed$$anon$1.timeoutAfter(Timed.scala:127)
	at app//org.scalatest.concurrent.TimeLimits.failAfterImpl(TimeLimits.scala:239)
	at app//org.scalatest.concurrent.TimeLimits.failAfterImpl$(TimeLimits.scala:233)
	at app//org.scalatest.concurrent.TimeLimits$.failAfterImpl(TimeLimits.scala:305)
	at app//org.scalatest.concurrent.TimeLimitedTests.withFixture(TimeLimitedTests.scala:153)
	at app//org.scalatest.concurrent.TimeLimitedTests.withFixture$(TimeLimitedTests.scala:150)
	at app//repls.infrastructure.TestBase.withFixture(TestBase.scala:9)
	at app//org.scalatest.FunSuiteLike.invokeWithFixture$1(FunSuiteLike.scala:184)
	at app//org.scalatest.FunSuiteLike.$anonfun$runTest$1(FunSuiteLike.scala:196)
	at app//org.scalatest.SuperEngine.runTestImpl(Engine.scala:286)
	at app//org.scalatest.FunSuiteLike.runTest(FunSuiteLike.scala:196)
	at app//org.scalatest.FunSuiteLike.runTest$(FunSuiteLike.scala:178)
	at app//org.scalatest.FunSuite.runTest(FunSuite.scala:1560)
	at app//org.scalatest.FunSuiteLike.$anonfun$runTests$1(FunSuiteLike.scala:229)
	at app//org.scalatest.SuperEngine.$anonfun$runTestsInBranch$1(Engine.scala:393)
	at app//scala.collection.immutable.List.foreach(List.scala:333)
	at app//org.scalatest.SuperEngine.traverseSubNodes$1(Engine.scala:381)
	at app//org.scalatest.SuperEngine.runTestsInBranch(Engine.scala:376)
	at app//org.scalatest.SuperEngine.runTestsImpl(Engine.scala:458)
	at app//org.scalatest.FunSuiteLike.runTests(FunSuiteLike.scala:229)
	at app//org.scalatest.FunSuiteLike.runTests$(FunSuiteLike.scala:228)
	at app//org.scalatest.FunSuite.runTests(FunSuite.scala:1560)
	at app//org.scalatest.Suite.run(Suite.scala:1124)
	at app//org.scalatest.Suite.run$(Suite.scala:1106)
	at app//org.scalatest.FunSuite.org$scalatest$FunSuiteLike$$super$run(FunSuite.scala:1560)
	at app//org.scalatest.FunSuiteLike.$anonfun$run$1(FunSuiteLike.scala:233)
	at app//org.scalatest.SuperEngine.runImpl(Engine.scala:518)
	at app//org.scalatest.FunSuiteLike.run(FunSuiteLike.scala:233)
	at app//org.scalatest.FunSuiteLike.run$(FunSuiteLike.scala:232)
	at app//repls.infrastructure.TestBase.run(TestBase.scala:26)
	at app//org.scalatest.Suite.callExecuteOnSuite$1(Suite.scala:1187)
	at app//org.scalatest.Suite.$anonfun$runNestedSuites$1(Suite.scala:1234)
	at app//scala.collection.ArrayOps$.foreach$extension(ArrayOps.scala:1323)
	at app//org.scalatest.Suite.runNestedSuites(Suite.scala:1232)
	at app//org.scalatest.Suite.runNestedSuites$(Suite.scala:1166)
	at app//org.scalatest.Suites.runNestedSuites(Suites.scala:56)
	at app//org.scalatest.Suite.run(Suite.scala:1121)
	at app//org.scalatest.Suite.run$(Suite.scala:1106)
	at app//repls.ReplsTestSuitesBase.runDirect(ReplsTestSuitesBase.scala:16)
	at app//repls.ReplsTestSuitesBase.runWithScoreCounter(ReplsTestSuitesBase.scala:11)
	at app//repls.ReplsTestSuite4_2.run(ReplsTestSuite4_2.scala:16)
	at app//org.scalatestplus.junit.JUnitRunner.run(JUnitRunner.scala:99)
	at org.gradle.api.internal.tasks.testing.junit.JUnitTestClassExecutor.runTestClass(JUnitTestClassExecutor.java:110)
	at org.gradle.api.internal.tasks.testing.junit.JUnitTestClassExecutor.execute(JUnitTestClassExecutor.java:58)
	at org.gradle.api.internal.tasks.testing.junit.JUnitTestClassExecutor.execute(JUnitTestClassExecutor.java:38)
	at org.gradle.api.internal.tasks.testing.junit.AbstractJUnitTestClassProcessor.processTestClass(AbstractJUnitTestClassProcessor.java:62)
	at org.gradle.api.internal.tasks.testing.SuiteTestClassProcessor.processTestClass(SuiteTestClassProcessor.java:51)
	at java.base@18.0.2.1/jdk.internal.reflect.DirectMethodHandleAccessor.invoke(DirectMethodHandleAccessor.java:104)
	at java.base@18.0.2.1/java.lang.reflect.Method.invoke(Method.java:577)
	at org.gradle.internal.dispatch.ReflectionDispatch.dispatch(ReflectionDispatch.java:36)
	at org.gradle.internal.dispatch.ReflectionDispatch.dispatch(ReflectionDispatch.java:24)
	at org.gradle.internal.dispatch.ContextClassLoaderDispatch.dispatch(ContextClassLoaderDispatch.java:33)
	at org.gradle.internal.dispatch.ProxyDispatchAdapter$DispatchingInvocationHandler.invoke(ProxyDispatchAdapter.java:94)
	at jdk.proxy1/jdk.proxy1.$Proxy2.processTestClass(Unknown Source)
	at org.gradle.api.internal.tasks.testing.worker.TestWorker$2.run(TestWorker.java:176)
	at org.gradle.api.internal.tasks.testing.worker.TestWorker.executeAndMaintainThreadName(TestWorker.java:129)
	at org.gradle.api.internal.tasks.testing.worker.TestWorker.execute(TestWorker.java:100)
	at org.gradle.api.internal.tasks.testing.worker.TestWorker.execute(TestWorker.java:60)
	at org.gradle.process.internal.worker.child.ActionExecutionWorker.execute(ActionExecutionWorker.java:56)
	at org.gradle.process.internal.worker.child.SystemApplicationClassLoaderWorker.call(SystemApplicationClassLoaderWorker.java:133)
	at org.gradle.process.internal.worker.child.SystemApplicationClassLoaderWorker.call(SystemApplicationClassLoaderWorker.java:71)
	at app//worker.org.gradle.process.internal.worker.GradleWorkerMain.run(GradleWorkerMain.java:69)
	at app//worker.org.gradle.process.internal.worker.GradleWorkerMain.main(GradleWorkerMain.java:74)
</failure>
  </testcase>
  <testcase name="Evaluate expressions brackets" classname="repls.MultiSetReplTests" time="0.0">
    <failure message="org.scalatest.exceptions.TestFailedException: &quot;{r,[w,w,y} * ( {r,r,t} + {q,q,w} * {t,t,w} ) + {y,u,r]}&quot; did not equal &quot;{r,[r,u,w,y]}&quot;" type="org.scalatest.exceptions.TestFailedException">org.scalatest.exceptions.TestFailedException: &quot;{r,[w,w,y} * ( {r,r,t} + {q,q,w} * {t,t,w} ) + {y,u,r]}&quot; did not equal &quot;{r,[r,u,w,y]}&quot;
	at app//org.scalatest.Assertions.newAssertionFailedException(Assertions.scala:530)
	at app//org.scalatest.Assertions.newAssertionFailedException$(Assertions.scala:529)
	at app//org.scalatest.FunSuite.newAssertionFailedException(FunSuite.scala:1560)
	at app//org.scalatest.Assertions$AssertionsHelper.macroAssert(Assertions.scala:503)
	at app//repls.MultiSetReplTests.$anonfun$new$11(MultiSetReplTests.scala:124)
	at app//repls.infrastructure.TestBase.$anonfun$test$1(TestBase.scala:36)
	at app//org.scalatest.OutcomeOf.outcomeOf(OutcomeOf.scala:85)
	at app//org.scalatest.OutcomeOf.outcomeOf$(OutcomeOf.scala:83)
	at app//org.scalatest.OutcomeOf$.outcomeOf(OutcomeOf.scala:104)
	at app//org.scalatest.Transformer.apply(Transformer.scala:22)
	at app//org.scalatest.Transformer.apply(Transformer.scala:20)
	at app//org.scalatest.FunSuiteLike$$anon$1.apply(FunSuiteLike.scala:186)
	at app//org.scalatest.TestSuite.withFixture(TestSuite.scala:196)
	at app//org.scalatest.TestSuite.withFixture$(TestSuite.scala:195)
	at app//repls.infrastructure.TestBase.org$scalatest$concurrent$TimeLimitedTests$$super$withFixture(TestBase.scala:9)
	at app//org.scalatest.concurrent.TimeLimitedTests.$anonfun$withFixture$3(TimeLimitedTests.scala:154)
	at app//org.scalatest.enablers.Timed$$anon$1.timeoutAfter(Timed.scala:127)
	at app//org.scalatest.concurrent.TimeLimits.failAfterImpl(TimeLimits.scala:239)
	at app//org.scalatest.concurrent.TimeLimits.failAfterImpl$(TimeLimits.scala:233)
	at app//org.scalatest.concurrent.TimeLimits$.failAfterImpl(TimeLimits.scala:305)
	at app//org.scalatest.concurrent.TimeLimitedTests.withFixture(TimeLimitedTests.scala:153)
	at app//org.scalatest.concurrent.TimeLimitedTests.withFixture$(TimeLimitedTests.scala:150)
	at app//repls.infrastructure.TestBase.withFixture(TestBase.scala:9)
	at app//org.scalatest.FunSuiteLike.invokeWithFixture$1(FunSuiteLike.scala:184)
	at app//org.scalatest.FunSuiteLike.$anonfun$runTest$1(FunSuiteLike.scala:196)
	at app//org.scalatest.SuperEngine.runTestImpl(Engine.scala:286)
	at app//org.scalatest.FunSuiteLike.runTest(FunSuiteLike.scala:196)
	at app//org.scalatest.FunSuiteLike.runTest$(FunSuiteLike.scala:178)
	at app//org.scalatest.FunSuite.runTest(FunSuite.scala:1560)
	at app//org.scalatest.FunSuiteLike.$anonfun$runTests$1(FunSuiteLike.scala:229)
	at app//org.scalatest.SuperEngine.$anonfun$runTestsInBranch$1(Engine.scala:393)
	at app//scala.collection.immutable.List.foreach(List.scala:333)
	at app//org.scalatest.SuperEngine.traverseSubNodes$1(Engine.scala:381)
	at app//org.scalatest.SuperEngine.runTestsInBranch(Engine.scala:376)
	at app//org.scalatest.SuperEngine.runTestsImpl(Engine.scala:458)
	at app//org.scalatest.FunSuiteLike.runTests(FunSuiteLike.scala:229)
	at app//org.scalatest.FunSuiteLike.runTests$(FunSuiteLike.scala:228)
	at app//org.scalatest.FunSuite.runTests(FunSuite.scala:1560)
	at app//org.scalatest.Suite.run(Suite.scala:1124)
	at app//org.scalatest.Suite.run$(Suite.scala:1106)
	at app//org.scalatest.FunSuite.org$scalatest$FunSuiteLike$$super$run(FunSuite.scala:1560)
	at app//org.scalatest.FunSuiteLike.$anonfun$run$1(FunSuiteLike.scala:233)
	at app//org.scalatest.SuperEngine.runImpl(Engine.scala:518)
	at app//org.scalatest.FunSuiteLike.run(FunSuiteLike.scala:233)
	at app//org.scalatest.FunSuiteLike.run$(FunSuiteLike.scala:232)
	at app//repls.infrastructure.TestBase.run(TestBase.scala:26)
	at app//org.scalatest.Suite.callExecuteOnSuite$1(Suite.scala:1187)
	at app//org.scalatest.Suite.$anonfun$runNestedSuites$1(Suite.scala:1234)
	at app//scala.collection.ArrayOps$.foreach$extension(ArrayOps.scala:1323)
	at app//org.scalatest.Suite.runNestedSuites(Suite.scala:1232)
	at app//org.scalatest.Suite.runNestedSuites$(Suite.scala:1166)
	at app//org.scalatest.Suites.runNestedSuites(Suites.scala:56)
	at app//org.scalatest.Suite.run(Suite.scala:1121)
	at app//org.scalatest.Suite.run$(Suite.scala:1106)
	at app//repls.ReplsTestSuitesBase.runDirect(ReplsTestSuitesBase.scala:16)
	at app//repls.ReplsTestSuitesBase.runWithScoreCounter(ReplsTestSuitesBase.scala:11)
	at app//repls.ReplsTestSuite4_2.run(ReplsTestSuite4_2.scala:16)
	at app//org.scalatestplus.junit.JUnitRunner.run(JUnitRunner.scala:99)
	at org.gradle.api.internal.tasks.testing.junit.JUnitTestClassExecutor.runTestClass(JUnitTestClassExecutor.java:110)
	at org.gradle.api.internal.tasks.testing.junit.JUnitTestClassExecutor.execute(JUnitTestClassExecutor.java:58)
	at org.gradle.api.internal.tasks.testing.junit.JUnitTestClassExecutor.execute(JUnitTestClassExecutor.java:38)
	at org.gradle.api.internal.tasks.testing.junit.AbstractJUnitTestClassProcessor.processTestClass(AbstractJUnitTestClassProcessor.java:62)
	at org.gradle.api.internal.tasks.testing.SuiteTestClassProcessor.processTestClass(SuiteTestClassProcessor.java:51)
	at java.base@18.0.2.1/jdk.internal.reflect.DirectMethodHandleAccessor.invoke(DirectMethodHandleAccessor.java:104)
	at java.base@18.0.2.1/java.lang.reflect.Method.invoke(Method.java:577)
	at org.gradle.internal.dispatch.ReflectionDispatch.dispatch(ReflectionDispatch.java:36)
	at org.gradle.internal.dispatch.ReflectionDispatch.dispatch(ReflectionDispatch.java:24)
	at org.gradle.internal.dispatch.ContextClassLoaderDispatch.dispatch(ContextClassLoaderDispatch.java:33)
	at org.gradle.internal.dispatch.ProxyDispatchAdapter$DispatchingInvocationHandler.invoke(ProxyDispatchAdapter.java:94)
	at jdk.proxy1/jdk.proxy1.$Proxy2.processTestClass(Unknown Source)
	at org.gradle.api.internal.tasks.testing.worker.TestWorker$2.run(TestWorker.java:176)
	at org.gradle.api.internal.tasks.testing.worker.TestWorker.executeAndMaintainThreadName(TestWorker.java:129)
	at org.gradle.api.internal.tasks.testing.worker.TestWorker.execute(TestWorker.java:100)
	at org.gradle.api.internal.tasks.testing.worker.TestWorker.execute(TestWorker.java:60)
	at org.gradle.process.internal.worker.child.ActionExecutionWorker.execute(ActionExecutionWorker.java:56)
	at org.gradle.process.internal.worker.child.SystemApplicationClassLoaderWorker.call(SystemApplicationClassLoaderWorker.java:133)
	at org.gradle.process.internal.worker.child.SystemApplicationClassLoaderWorker.call(SystemApplicationClassLoaderWorker.java:71)
	at app//worker.org.gradle.process.internal.worker.GradleWorkerMain.run(GradleWorkerMain.java:69)
	at app//worker.org.gradle.process.internal.worker.GradleWorkerMain.main(GradleWorkerMain.java:74)
</failure>
  </testcase>
  <testcase name="Evaluate expressions nested brackets" classname="repls.MultiSetReplTests" time="0.0">
    <failure message="org.scalatest.exceptions.TestFailedException: &quot;[( ( {h,h,r} - {h,r,f,g} * {h,r,e,r} ) + ( {t,t,t,y,f} - ( {t,t,y} ) * {t,e,e,r} ) )]&quot; did not equal &quot;[{f,h,t,t,y}]&quot;" type="org.scalatest.exceptions.TestFailedException">org.scalatest.exceptions.TestFailedException: &quot;[( ( {h,h,r} - {h,r,f,g} * {h,r,e,r} ) + ( {t,t,t,y,f} - ( {t,t,y} ) * {t,e,e,r} ) )]&quot; did not equal &quot;[{f,h,t,t,y}]&quot;
	at app//org.scalatest.Assertions.newAssertionFailedException(Assertions.scala:530)
	at app//org.scalatest.Assertions.newAssertionFailedException$(Assertions.scala:529)
	at app//org.scalatest.FunSuite.newAssertionFailedException(FunSuite.scala:1560)
	at app//org.scalatest.Assertions$AssertionsHelper.macroAssert(Assertions.scala:503)
	at app//repls.MultiSetReplTests.$anonfun$new$12(MultiSetReplTests.scala:133)
	at app//repls.infrastructure.TestBase.$anonfun$test$1(TestBase.scala:36)
	at app//org.scalatest.OutcomeOf.outcomeOf(OutcomeOf.scala:85)
	at app//org.scalatest.OutcomeOf.outcomeOf$(OutcomeOf.scala:83)
	at app//org.scalatest.OutcomeOf$.outcomeOf(OutcomeOf.scala:104)
	at app//org.scalatest.Transformer.apply(Transformer.scala:22)
	at app//org.scalatest.Transformer.apply(Transformer.scala:20)
	at app//org.scalatest.FunSuiteLike$$anon$1.apply(FunSuiteLike.scala:186)
	at app//org.scalatest.TestSuite.withFixture(TestSuite.scala:196)
	at app//org.scalatest.TestSuite.withFixture$(TestSuite.scala:195)
	at app//repls.infrastructure.TestBase.org$scalatest$concurrent$TimeLimitedTests$$super$withFixture(TestBase.scala:9)
	at app//org.scalatest.concurrent.TimeLimitedTests.$anonfun$withFixture$3(TimeLimitedTests.scala:154)
	at app//org.scalatest.enablers.Timed$$anon$1.timeoutAfter(Timed.scala:127)
	at app//org.scalatest.concurrent.TimeLimits.failAfterImpl(TimeLimits.scala:239)
	at app//org.scalatest.concurrent.TimeLimits.failAfterImpl$(TimeLimits.scala:233)
	at app//org.scalatest.concurrent.TimeLimits$.failAfterImpl(TimeLimits.scala:305)
	at app//org.scalatest.concurrent.TimeLimitedTests.withFixture(TimeLimitedTests.scala:153)
	at app//org.scalatest.concurrent.TimeLimitedTests.withFixture$(TimeLimitedTests.scala:150)
	at app//repls.infrastructure.TestBase.withFixture(TestBase.scala:9)
	at app//org.scalatest.FunSuiteLike.invokeWithFixture$1(FunSuiteLike.scala:184)
	at app//org.scalatest.FunSuiteLike.$anonfun$runTest$1(FunSuiteLike.scala:196)
	at app//org.scalatest.SuperEngine.runTestImpl(Engine.scala:286)
	at app//org.scalatest.FunSuiteLike.runTest(FunSuiteLike.scala:196)
	at app//org.scalatest.FunSuiteLike.runTest$(FunSuiteLike.scala:178)
	at app//org.scalatest.FunSuite.runTest(FunSuite.scala:1560)
	at app//org.scalatest.FunSuiteLike.$anonfun$runTests$1(FunSuiteLike.scala:229)
	at app//org.scalatest.SuperEngine.$anonfun$runTestsInBranch$1(Engine.scala:393)
	at app//scala.collection.immutable.List.foreach(List.scala:333)
	at app//org.scalatest.SuperEngine.traverseSubNodes$1(Engine.scala:381)
	at app//org.scalatest.SuperEngine.runTestsInBranch(Engine.scala:376)
	at app//org.scalatest.SuperEngine.runTestsImpl(Engine.scala:458)
	at app//org.scalatest.FunSuiteLike.runTests(FunSuiteLike.scala:229)
	at app//org.scalatest.FunSuiteLike.runTests$(FunSuiteLike.scala:228)
	at app//org.scalatest.FunSuite.runTests(FunSuite.scala:1560)
	at app//org.scalatest.Suite.run(Suite.scala:1124)
	at app//org.scalatest.Suite.run$(Suite.scala:1106)
	at app//org.scalatest.FunSuite.org$scalatest$FunSuiteLike$$super$run(FunSuite.scala:1560)
	at app//org.scalatest.FunSuiteLike.$anonfun$run$1(FunSuiteLike.scala:233)
	at app//org.scalatest.SuperEngine.runImpl(Engine.scala:518)
	at app//org.scalatest.FunSuiteLike.run(FunSuiteLike.scala:233)
	at app//org.scalatest.FunSuiteLike.run$(FunSuiteLike.scala:232)
	at app//repls.infrastructure.TestBase.run(TestBase.scala:26)
	at app//org.scalatest.Suite.callExecuteOnSuite$1(Suite.scala:1187)
	at app//org.scalatest.Suite.$anonfun$runNestedSuites$1(Suite.scala:1234)
	at app//scala.collection.ArrayOps$.foreach$extension(ArrayOps.scala:1323)
	at app//org.scalatest.Suite.runNestedSuites(Suite.scala:1232)
	at app//org.scalatest.Suite.runNestedSuites$(Suite.scala:1166)
	at app//org.scalatest.Suites.runNestedSuites(Suites.scala:56)
	at app//org.scalatest.Suite.run(Suite.scala:1121)
	at app//org.scalatest.Suite.run$(Suite.scala:1106)
	at app//repls.ReplsTestSuitesBase.runDirect(ReplsTestSuitesBase.scala:16)
	at app//repls.ReplsTestSuitesBase.runWithScoreCounter(ReplsTestSuitesBase.scala:11)
	at app//repls.ReplsTestSuite4_2.run(ReplsTestSuite4_2.scala:16)
	at app//org.scalatestplus.junit.JUnitRunner.run(JUnitRunner.scala:99)
	at org.gradle.api.internal.tasks.testing.junit.JUnitTestClassExecutor.runTestClass(JUnitTestClassExecutor.java:110)
	at org.gradle.api.internal.tasks.testing.junit.JUnitTestClassExecutor.execute(JUnitTestClassExecutor.java:58)
	at org.gradle.api.internal.tasks.testing.junit.JUnitTestClassExecutor.execute(JUnitTestClassExecutor.java:38)
	at org.gradle.api.internal.tasks.testing.junit.AbstractJUnitTestClassProcessor.processTestClass(AbstractJUnitTestClassProcessor.java:62)
	at org.gradle.api.internal.tasks.testing.SuiteTestClassProcessor.processTestClass(SuiteTestClassProcessor.java:51)
	at java.base@18.0.2.1/jdk.internal.reflect.DirectMethodHandleAccessor.invoke(DirectMethodHandleAccessor.java:104)
	at java.base@18.0.2.1/java.lang.reflect.Method.invoke(Method.java:577)
	at org.gradle.internal.dispatch.ReflectionDispatch.dispatch(ReflectionDispatch.java:36)
	at org.gradle.internal.dispatch.ReflectionDispatch.dispatch(ReflectionDispatch.java:24)
	at org.gradle.internal.dispatch.ContextClassLoaderDispatch.dispatch(ContextClassLoaderDispatch.java:33)
	at org.gradle.internal.dispatch.ProxyDispatchAdapter$DispatchingInvocationHandler.invoke(ProxyDispatchAdapter.java:94)
	at jdk.proxy1/jdk.proxy1.$Proxy2.processTestClass(Unknown Source)
	at org.gradle.api.internal.tasks.testing.worker.TestWorker$2.run(TestWorker.java:176)
	at org.gradle.api.internal.tasks.testing.worker.TestWorker.executeAndMaintainThreadName(TestWorker.java:129)
	at org.gradle.api.internal.tasks.testing.worker.TestWorker.execute(TestWorker.java:100)
	at org.gradle.api.internal.tasks.testing.worker.TestWorker.execute(TestWorker.java:60)
	at org.gradle.process.internal.worker.child.ActionExecutionWorker.execute(ActionExecutionWorker.java:56)
	at org.gradle.process.internal.worker.child.SystemApplicationClassLoaderWorker.call(SystemApplicationClassLoaderWorker.java:133)
	at org.gradle.process.internal.worker.child.SystemApplicationClassLoaderWorker.call(SystemApplicationClassLoaderWorker.java:71)
	at app//worker.org.gradle.process.internal.worker.GradleWorkerMain.run(GradleWorkerMain.java:69)
	at app//worker.org.gradle.process.internal.worker.GradleWorkerMain.main(GradleWorkerMain.java:74)
</failure>
  </testcase>
  <testcase name="Evaluate expressions advanced brackets" classname="repls.MultiSetReplTests" time="0.0">
    <failure message="org.scalatest.exceptions.TestFailedException: &quot;{e[} + ( {f,f,g,t} * ( ( {f,f,r,t} - {a,a,n,d} ) + ( {f,g} ) - {r,t,d,d} ) - ( {f,t,y} + {y,y,r} ) ) * {f,y,y,e]}&quot; did not equal &quot;{e[,f]}&quot;" type="org.scalatest.exceptions.TestFailedException">org.scalatest.exceptions.TestFailedException: &quot;{e[} + ( {f,f,g,t} * ( ( {f,f,r,t} - {a,a,n,d} ) + ( {f,g} ) - {r,t,d,d} ) - ( {f,t,y} + {y,y,r} ) ) * {f,y,y,e]}&quot; did not equal &quot;{e[,f]}&quot;
	at app//org.scalatest.Assertions.newAssertionFailedException(Assertions.scala:530)
	at app//org.scalatest.Assertions.newAssertionFailedException$(Assertions.scala:529)
	at app//org.scalatest.FunSuite.newAssertionFailedException(FunSuite.scala:1560)
	at app//org.scalatest.Assertions$AssertionsHelper.macroAssert(Assertions.scala:503)
	at app//repls.MultiSetReplTests.$anonfun$new$13(MultiSetReplTests.scala:142)
	at app//repls.infrastructure.TestBase.$anonfun$test$1(TestBase.scala:36)
	at app//org.scalatest.OutcomeOf.outcomeOf(OutcomeOf.scala:85)
	at app//org.scalatest.OutcomeOf.outcomeOf$(OutcomeOf.scala:83)
	at app//org.scalatest.OutcomeOf$.outcomeOf(OutcomeOf.scala:104)
	at app//org.scalatest.Transformer.apply(Transformer.scala:22)
	at app//org.scalatest.Transformer.apply(Transformer.scala:20)
	at app//org.scalatest.FunSuiteLike$$anon$1.apply(FunSuiteLike.scala:186)
	at app//org.scalatest.TestSuite.withFixture(TestSuite.scala:196)
	at app//org.scalatest.TestSuite.withFixture$(TestSuite.scala:195)
	at app//repls.infrastructure.TestBase.org$scalatest$concurrent$TimeLimitedTests$$super$withFixture(TestBase.scala:9)
	at app//org.scalatest.concurrent.TimeLimitedTests.$anonfun$withFixture$3(TimeLimitedTests.scala:154)
	at app//org.scalatest.enablers.Timed$$anon$1.timeoutAfter(Timed.scala:127)
	at app//org.scalatest.concurrent.TimeLimits.failAfterImpl(TimeLimits.scala:239)
	at app//org.scalatest.concurrent.TimeLimits.failAfterImpl$(TimeLimits.scala:233)
	at app//org.scalatest.concurrent.TimeLimits$.failAfterImpl(TimeLimits.scala:305)
	at app//org.scalatest.concurrent.TimeLimitedTests.withFixture(TimeLimitedTests.scala:153)
	at app//org.scalatest.concurrent.TimeLimitedTests.withFixture$(TimeLimitedTests.scala:150)
	at app//repls.infrastructure.TestBase.withFixture(TestBase.scala:9)
	at app//org.scalatest.FunSuiteLike.invokeWithFixture$1(FunSuiteLike.scala:184)
	at app//org.scalatest.FunSuiteLike.$anonfun$runTest$1(FunSuiteLike.scala:196)
	at app//org.scalatest.SuperEngine.runTestImpl(Engine.scala:286)
	at app//org.scalatest.FunSuiteLike.runTest(FunSuiteLike.scala:196)
	at app//org.scalatest.FunSuiteLike.runTest$(FunSuiteLike.scala:178)
	at app//org.scalatest.FunSuite.runTest(FunSuite.scala:1560)
	at app//org.scalatest.FunSuiteLike.$anonfun$runTests$1(FunSuiteLike.scala:229)
	at app//org.scalatest.SuperEngine.$anonfun$runTestsInBranch$1(Engine.scala:393)
	at app//scala.collection.immutable.List.foreach(List.scala:333)
	at app//org.scalatest.SuperEngine.traverseSubNodes$1(Engine.scala:381)
	at app//org.scalatest.SuperEngine.runTestsInBranch(Engine.scala:376)
	at app//org.scalatest.SuperEngine.runTestsImpl(Engine.scala:458)
	at app//org.scalatest.FunSuiteLike.runTests(FunSuiteLike.scala:229)
	at app//org.scalatest.FunSuiteLike.runTests$(FunSuiteLike.scala:228)
	at app//org.scalatest.FunSuite.runTests(FunSuite.scala:1560)
	at app//org.scalatest.Suite.run(Suite.scala:1124)
	at app//org.scalatest.Suite.run$(Suite.scala:1106)
	at app//org.scalatest.FunSuite.org$scalatest$FunSuiteLike$$super$run(FunSuite.scala:1560)
	at app//org.scalatest.FunSuiteLike.$anonfun$run$1(FunSuiteLike.scala:233)
	at app//org.scalatest.SuperEngine.runImpl(Engine.scala:518)
	at app//org.scalatest.FunSuiteLike.run(FunSuiteLike.scala:233)
	at app//org.scalatest.FunSuiteLike.run$(FunSuiteLike.scala:232)
	at app//repls.infrastructure.TestBase.run(TestBase.scala:26)
	at app//org.scalatest.Suite.callExecuteOnSuite$1(Suite.scala:1187)
	at app//org.scalatest.Suite.$anonfun$runNestedSuites$1(Suite.scala:1234)
	at app//scala.collection.ArrayOps$.foreach$extension(ArrayOps.scala:1323)
[...]
	at app//org.scalatest.SuperEngine.runTestImpl(Engine.scala:286)
	at app//org.scalatest.FunSuiteLike.runTest(FunSuiteLike.scala:196)
	at app//org.scalatest.FunSuiteLike.runTest$(FunSuiteLike.scala:178)
	at app//org.scalatest.FunSuite.runTest(FunSuite.scala:1560)
	at app//org.scalatest.FunSuiteLike.$anonfun$runTests$1(FunSuiteLike.scala:229)
	at app//org.scalatest.SuperEngine.$anonfun$runTestsInBranch$1(Engine.scala:393)
	at app//scala.collection.immutable.List.foreach(List.scala:333)
	at app//org.scalatest.SuperEngine.traverseSubNodes$1(Engine.scala:381)
	at app//org.scalatest.SuperEngine.runTestsInBranch(Engine.scala:376)
	at app//org.scalatest.SuperEngine.runTestsImpl(Engine.scala:458)
	at app//org.scalatest.FunSuiteLike.runTests(FunSuiteLike.scala:229)
	at app//org.scalatest.FunSuiteLike.runTests$(FunSuiteLike.scala:228)
	at app//org.scalatest.FunSuite.runTests(FunSuite.scala:1560)
	at app//org.scalatest.Suite.run(Suite.scala:1124)
	at app//org.scalatest.Suite.run$(Suite.scala:1106)
	at app//org.scalatest.FunSuite.org$scalatest$FunSuiteLike$$super$run(FunSuite.scala:1560)
	at app//org.scalatest.FunSuiteLike.$anonfun$run$1(FunSuiteLike.scala:233)
	at app//org.scalatest.SuperEngine.runImpl(Engine.scala:518)
	at app//org.scalatest.FunSuiteLike.run(FunSuiteLike.scala:233)
	at app//org.scalatest.FunSuiteLike.run$(FunSuiteLike.scala:232)
	at app//repls.infrastructure.TestBase.run(TestBase.scala:26)
	at app//org.scalatest.Suite.callExecuteOnSuite$1(Suite.scala:1187)
	at app//org.scalatest.Suite.$anonfun$runNestedSuites$1(Suite.scala:1234)
	at app//scala.collection.ArrayOps$.foreach$extension(ArrayOps.scala:1323)
	at app//org.scalatest.Suite.runNestedSuites(Suite.scala:1232)
	at app//org.scalatest.Suite.runNestedSuites$(Suite.scala:1166)
	at app//org.scalatest.Suites.runNestedSuites(Suites.scala:56)
	at app//org.scalatest.Suite.run(Suite.scala:1121)
	at app//org.scalatest.Suite.run$(Suite.scala:1106)
	at app//repls.ReplsTestSuitesBase.runDirect(ReplsTestSuitesBase.scala:16)
	at app//repls.ReplsTestSuitesBase.runWithScoreCounter(ReplsTestSuitesBase.scala:11)
	at app//repls.ReplsTestSuite4_2.run(ReplsTestSuite4_2.scala:16)
	at app//org.scalatestplus.junit.JUnitRunner.run(JUnitRunner.scala:99)
	at org.gradle.api.internal.tasks.testing.junit.JUnitTestClassExecutor.runTestClass(JUnitTestClassExecutor.java:110)
	at org.gradle.api.internal.tasks.testing.junit.JUnitTestClassExecutor.execute(JUnitTestClassExecutor.java:58)
	at org.gradle.api.internal.tasks.testing.junit.JUnitTestClassExecutor.execute(JUnitTestClassExecutor.java:38)
	at org.gradle.api.internal.tasks.testing.junit.AbstractJUnitTestClassProcessor.processTestClass(AbstractJUnitTestClassProcessor.java:62)
	at org.gradle.api.internal.tasks.testing.SuiteTestClassProcessor.processTestClass(SuiteTestClassProcessor.java:51)
	at java.base@18.0.2.1/jdk.internal.reflect.DirectMethodHandleAccessor.invoke(DirectMethodHandleAccessor.java:104)
	at java.base@18.0.2.1/java.lang.reflect.Method.invoke(Method.java:577)
	at org.gradle.internal.dispatch.ReflectionDispatch.dispatch(ReflectionDispatch.java:36)
	at org.gradle.internal.dispatch.ReflectionDispatch.dispatch(ReflectionDispatch.java:24)
	at org.gradle.internal.dispatch.ContextClassLoaderDispatch.dispatch(ContextClassLoaderDispatch.java:33)
	at org.gradle.internal.dispatch.ProxyDispatchAdapter$DispatchingInvocationHandler.invoke(ProxyDispatchAdapter.java:94)
	at jdk.proxy1/jdk.proxy1.$Proxy2.processTestClass(Unknown Source)
	at org.gradle.api.internal.tasks.testing.worker.TestWorker$2.run(TestWorker.java:176)
	at org.gradle.api.internal.tasks.testing.worker.TestWorker.executeAndMaintainThreadName(TestWorker.java:129)
	at org.gradle.api.internal.tasks.testing.worker.TestWorker.execute(TestWorker.java:100)
	at org.gradle.api.internal.tasks.testing.worker.TestWorker.execute(TestWorker.java:60)
	at org.gradle.process.internal.worker.child.ActionExecutionWorker.execute(ActionExecutionWorker.java:56)
	at org.gradle.process.internal.worker.child.SystemApplicationClassLoaderWorker.call(SystemApplicationClassLoaderWorker.java:133)
	at org.gradle.process.internal.worker.child.SystemApplicationClassLoaderWorker.call(SystemApplicationClassLoaderWorker.java:71)
	at app//worker.org.gradle.process.internal.worker.GradleWorkerMain.run(GradleWorkerMain.java:69)
	at app//worker.org.gradle.process.internal.worker.GradleWorkerMain.main(GradleWorkerMain.java:74)
</failure>
  </testcase>
  <testcase name="Simplify with assigned variables brackets" classname="repls.MultiSetReplTests" time="0.001">
    <failure message="org.scalatest.exceptions.TestFailedException: &quot;[@ ( {} + ( {b,c,e} * a ) )] * b&quot; did not equal &quot;[{b,c}] * b&quot;" type="org.scalatest.exceptions.TestFailedException">org.scalatest.exceptions.TestFailedException: &quot;[@ ( {} + ( {b,c,e} * a ) )] * b&quot; did not equal &quot;[{b,c}] * b&quot;
	at app//org.scalatest.Assertions.newAssertionFailedException(Assertions.scala:530)
	at app//org.scalatest.Assertions.newAssertionFailedException$(Assertions.scala:529)
	at app//org.scalatest.FunSuite.newAssertionFailedException(FunSuite.scala:1560)
	at app//org.scalatest.Assertions$AssertionsHelper.macroAssert(Assertions.scala:503)
	at app//repls.MultiSetReplTests.$anonfun$new$44(MultiSetReplTests.scala:455)
	at app//repls.infrastructure.TestBase.$anonfun$test$1(TestBase.scala:36)
	at app//org.scalatest.OutcomeOf.outcomeOf(OutcomeOf.scala:85)
	at app//org.scalatest.OutcomeOf.outcomeOf$(OutcomeOf.scala:83)
	at app//org.scalatest.OutcomeOf$.outcomeOf(OutcomeOf.scala:104)
	at app//org.scalatest.Transformer.apply(Transformer.scala:22)
	at app//org.scalatest.Transformer.apply(Transformer.scala:20)
	at app//org.scalatest.FunSuiteLike$$anon$1.apply(FunSuiteLike.scala:186)
	at app//org.scalatest.TestSuite.withFixture(TestSuite.scala:196)
	at app//org.scalatest.TestSuite.withFixture$(TestSuite.scala:195)
	at app//repls.infrastructure.TestBase.org$scalatest$concurrent$TimeLimitedTests$$super$withFixture(TestBase.scala:9)
	at app//org.scalatest.concurrent.TimeLimitedTests.$anonfun$withFixture$3(TimeLimitedTests.scala:154)
	at app//org.scalatest.enablers.Timed$$anon$1.timeoutAfter(Timed.scala:127)
	at app//org.scalatest.concurrent.TimeLimits.failAfterImpl(TimeLimits.scala:239)
	at app//org.scalatest.concurrent.TimeLimits.failAfterImpl$(TimeLimits.scala:233)
	at app//org.scalatest.concurrent.TimeLimits$.failAfterImpl(TimeLimits.scala:305)
	at app//org.scalatest.concurrent.TimeLimitedTests.withFixture(TimeLimitedTests.scala:153)
	at app//org.scalatest.concurrent.TimeLimitedTests.withFixture$(TimeLimitedTests.scala:150)
	at app//repls.infrastructure.TestBase.withFixture(TestBase.scala:9)
	at app//org.scalatest.FunSuiteLike.invokeWithFixture$1(FunSuiteLike.scala:184)
	at app//org.scalatest.FunSuiteLike.$anonfun$runTest$1(FunSuiteLike.scala:196)
	at app//org.scalatest.SuperEngine.runTestImpl(Engine.scala:286)
	at app//org.scalatest.FunSuiteLike.runTest(FunSuiteLike.scala:196)
	at app//org.scalatest.FunSuiteLike.runTest$(FunSuiteLike.scala:178)
	at app//org.scalatest.FunSuite.runTest(FunSuite.scala:1560)
	at app//org.scalatest.FunSuiteLike.$anonfun$runTests$1(FunSuiteLike.scala:229)
	at app//org.scalatest.SuperEngine.$anonfun$runTestsInBranch$1(Engine.scala:393)
	at app//scala.collection.immutable.List.foreach(List.scala:333)
	at app//org.scalatest.SuperEngine.traverseSubNodes$1(Engine.scala:381)
	at app//org.scalatest.SuperEngine.runTestsInBranch(Engine.scala:376)
	at app//org.scalatest.SuperEngine.runTestsImpl(Engine.scala:458)
	at app//org.scalatest.FunSuiteLike.runTests(FunSuiteLike.scala:229)
	at app//org.scalatest.FunSuiteLike.runTests$(FunSuiteLike.scala:228)
	at app//org.scalatest.FunSuite.runTests(FunSuite.scala:1560)
	at app//org.scalatest.Suite.run(Suite.scala:1124)
	at app//org.scalatest.Suite.run$(Suite.scala:1106)
	at app//org.scalatest.FunSuite.org$scalatest$FunSuiteLike$$super$run(FunSuite.scala:1560)
	at app//org.scalatest.FunSuiteLike.$anonfun$run$1(FunSuiteLike.scala:233)
	at app//org.scalatest.SuperEngine.runImpl(Engine.scala:518)
	at app//org.scalatest.FunSuiteLike.run(FunSuiteLike.scala:233)
	at app//org.scalatest.FunSuiteLike.run$(FunSuiteLike.scala:232)
	at app//repls.infrastructure.TestBase.run(TestBase.scala:26)
	at app//org.scalatest.Suite.callExecuteOnSuite$1(Suite.scala:1187)
	at app//org.scalatest.Suite.$anonfun$runNestedSuites$1(Suite.scala:1234)
	at app//scala.collection.ArrayOps$.foreach$extension(ArrayOps.scala:1323)
	at app//org.scalatest.Suite.runNestedSuites(Suite.scala:1232)
	at app//org.scalatest.Suite.runNestedSuites$(Suite.scala:1166)
	at app//org.scalatest.Suites.runNestedSuites(Suites.scala:56)
	at app//org.scalatest.Suite.run(Suite.scala:1121)
	at app//org.scalatest.Suite.run$(Suite.scala:1106)
	at app//repls.ReplsTestSuitesBase.runDirect(ReplsTestSuitesBase.scala:16)
	at app//repls.ReplsTestSuitesBase.runWithScoreCounter(ReplsTestSuitesBase.scala:11)
	at app//repls.ReplsTestSuite4_2.run(ReplsTestSuite4_2.scala:16)
	at app//org.scalatestplus.junit.JUnitRunner.run(JUnitRunner.scala:99)
	at org.gradle.api.internal.tasks.testing.junit.JUnitTestClassExecutor.runTestClass(JUnitTestClassExecutor.java:110)
	at org.gradle.api.internal.tasks.testing.junit.JUnitTestClassExecutor.execute(JUnitTestClassExecutor.java:58)
	at org.gradle.api.internal.tasks.testing.junit.JUnitTestClassExecutor.execute(JUnitTestClassExecutor.java:38)
	at org.gradle.api.internal.tasks.testing.junit.AbstractJUnitTestClassProcessor.processTestClass(AbstractJUnitTestClassProcessor.java:62)
	at org.gradle.api.internal.tasks.testing.SuiteTestClassProcessor.processTestClass(SuiteTestClassProcessor.java:51)
	at java.base@18.0.2.1/jdk.internal.reflect.DirectMethodHandleAccessor.invoke(DirectMethodHandleAccessor.java:104)
	at java.base@18.0.2.1/java.lang.reflect.Method.invoke(Method.java:577)
	at org.gradle.internal.dispatch.ReflectionDispatch.dispatch(ReflectionDispatch.java:36)
	at org.gradle.internal.dispatch.ReflectionDispatch.dispatch(ReflectionDispatch.java:24)
	at org.gradle.internal.dispatch.ContextClassLoaderDispatch.dispatch(ContextClassLoaderDispatch.java:33)
	at org.gradle.internal.dispatch.ProxyDispatchAdapter$DispatchingInvocationHandler.invoke(ProxyDispatchAdapter.java:94)
	at jdk.proxy1/jdk.proxy1.$Proxy2.processTestClass(Unknown Source)
	at org.gradle.api.internal.tasks.testing.worker.TestWorker$2.run(TestWorker.java:176)
	at org.gradle.api.internal.tasks.testing.worker.TestWorker.executeAndMaintainThreadName(TestWorker.java:129)
	at org.gradle.api.internal.tasks.testing.worker.TestWorker.execute(TestWorker.java:100)
	at org.gradle.api.internal.tasks.testing.worker.TestWorker.execute(TestWorker.java:60)
	at org.gradle.process.internal.worker.child.ActionExecutionWorker.execute(ActionExecutionWorker.java:56)
	at org.gradle.process.internal.worker.child.SystemApplicationClassLoaderWorker.call(SystemApplicationClassLoaderWorker.java:133)
	at org.gradle.process.internal.worker.child.SystemApplicationClassLoaderWorker.call(SystemApplicationClassLoaderWorker.java:71)
	at app//worker.org.gradle.process.internal.worker.GradleWorkerMain.run(GradleWorkerMain.java:69)
	at app//worker.org.gradle.process.internal.worker.GradleWorkerMain.main(GradleWorkerMain.java:74)
</failure>
  </testcase>
  <testcase name="Simplify with assigned variables advanced" classname="repls.MultiSetReplTests" time="0.003">
    <failure message="org.scalatest.exceptions.TestFailedException: &quot;[@ ( ( a * b + {a} * b ) + c )] + d&quot; did not equal &quot;[{a,a,a,c}] + d&quot;" type="org.scalatest.exceptions.TestFailedException">org.scalatest.exceptions.TestFailedException: &quot;[@ ( ( a * b + {a} * b ) + c )] + d&quot; did not equal &quot;[{a,a,a,c}] + d&quot;
	at app//org.scalatest.Assertions.newAssertionFailedException(Assertions.scala:530)
	at app//org.scalatest.Assertions.newAssertionFailedException$(Assertions.scala:529)
	at app//org.scalatest.FunSuite.newAssertionFailedException(FunSuite.scala:1560)
	at app//org.scalatest.Assertions$AssertionsHelper.macroAssert(Assertions.scala:503)
	at app//repls.MultiSetReplTests.$anonfun$new$45(MultiSetReplTests.scala:468)
	at app//repls.infrastructure.TestBase.$anonfun$test$1(TestBase.scala:36)
	at app//org.scalatest.OutcomeOf.outcomeOf(OutcomeOf.scala:85)
	at app//org.scalatest.OutcomeOf.outcomeOf$(OutcomeOf.scala:83)
	at app//org.scalatest.OutcomeOf$.outcomeOf(OutcomeOf.scala:104)
	at app//org.scalatest.Transformer.apply(Transformer.scala:22)
	at app//org.scalatest.Transformer.apply(Transformer.scala:20)
	at app//org.scalatest.FunSuiteLike$$anon$1.apply(FunSuiteLike.scala:186)
	at app//org.scalatest.TestSuite.withFixture(TestSuite.scala:196)
	at app//org.scalatest.TestSuite.withFixture$(TestSuite.scala:195)
	at app//repls.infrastructure.TestBase.org$scalatest$concurrent$TimeLimitedTests$$super$withFixture(TestBase.scala:9)
	at app//org.scalatest.concurrent.TimeLimitedTests.$anonfun$withFixture$3(TimeLimitedTests.scala:154)
	at app//org.scalatest.enablers.Timed$$anon$1.timeoutAfter(Timed.scala:127)
	at app//org.scalatest.concurrent.TimeLimits.failAfterImpl(TimeLimits.scala:239)
	at app//org.scalatest.concurrent.TimeLimits.failAfterImpl$(TimeLimits.scala:233)
	at app//org.scalatest.concurrent.TimeLimits$.failAfterImpl(TimeLimits.scala:305)
	at app//org.scalatest.concurrent.TimeLimitedTests.withFixture(TimeLimitedTests.scala:153)
	at app//org.scalatest.concurrent.TimeLimitedTests.withFixture$(TimeLimitedTests.scala:150)
	at app//repls.infrastructure.TestBase.withFixture(TestBase.scala:9)
	at app//org.scalatest.FunSuiteLike.invokeWithFixture$1(FunSuiteLike.scala:184)
	at app//org.scalatest.FunSuiteLike.$anonfun$runTest$1(FunSuiteLike.scala:196)
	at app//org.scalatest.SuperEngine.runTestImpl(Engine.scala:286)
	at app//org.scalatest.FunSuiteLike.runTest(FunSuiteLike.scala:196)
	at app//org.scalatest.FunSuiteLike.runTest$(FunSuiteLike.scala:178)
	at app//org.scalatest.FunSuite.runTest(FunSuite.scala:1560)
	at app//org.scalatest.FunSuiteLike.$anonfun$runTests$1(FunSuiteLike.scala:229)
	at app//org.scalatest.SuperEngine.$anonfun$runTestsInBranch$1(Engine.scala:393)
	at app//scala.collection.immutable.List.foreach(List.scala:333)
	at app//org.scalatest.SuperEngine.traverseSubNodes$1(Engine.scala:381)
	at app//org.scalatest.SuperEngine.runTestsInBranch(Engine.scala:376)
	at app//org.scalatest.SuperEngine.runTestsImpl(Engine.scala:458)
	at app//org.scalatest.FunSuiteLike.runTests(FunSuiteLike.scala:229)
	at app//org.scalatest.FunSuiteLike.runTests$(FunSuiteLike.scala:228)
	at app//org.scalatest.FunSuite.runTests(FunSuite.scala:1560)
	at app//org.scalatest.Suite.run(Suite.scala:1124)
	at app//org.scalatest.Suite.run$(Suite.scala:1106)
	at app//org.scalatest.FunSuite.org$scalatest$FunSuiteLike$$super$run(FunSuite.scala:1560)
	at app//org.scalatest.FunSuiteLike.$anonfun$run$1(FunSuiteLike.scala:233)
	at app//org.scalatest.SuperEngine.runImpl(Engine.scala:518)
	at app//org.scalatest.FunSuiteLike.run(FunSuiteLike.scala:233)
	at app//org.scalatest.FunSuiteLike.run$(FunSuiteLike.scala:232)
	at app//repls.infrastructure.TestBase.run(TestBase.scala:26)
	at app//org.scalatest.Suite.callExecuteOnSuite$1(Suite.scala:1187)
	at app//org.scalatest.Suite.$anonfun$runNestedSuites$1(Suite.scala:1234)
	at app//scala.collection.ArrayOps$.foreach$extension(ArrayOps.scala:1323)
	at app//org.scalatest.Suite.runNestedSuites(Suite.scala:1232)
	at app//org.scalatest.Suite.runNestedSuites$(Suite.scala:1166)
	at app//org.scalatest.Suites.runNestedSuites(Suites.scala:56)
	at app//org.scalatest.Suite.run(Suite.scala:1121)
	at app//org.scalatest.Suite.run$(Suite.scala:1106)
	at app//repls.ReplsTestSuitesBase.runDirect(ReplsTestSuitesBase.scala:16)
	at app//repls.ReplsTestSuitesBase.runWithScoreCounter(ReplsTestSuitesBase.scala:11)
	at app//repls.ReplsTestSuite4_2.run(ReplsTestSuite4_2.scala:16)
	at app//org.scalatestplus.junit.JUnitRunner.run(JUnitRunner.scala:99)
	at org.gradle.api.internal.tasks.testing.junit.JUnitTestClassExecutor.runTestClass(JUnitTestClassExecutor.java:110)
	at org.gradle.api.internal.tasks.testing.junit.JUnitTestClassExecutor.execute(JUnitTestClassExecutor.java:58)
	at org.gradle.api.internal.tasks.testing.junit.JUnitTestClassExecutor.execute(JUnitTestClassExecutor.java:38)
	at org.gradle.api.internal.tasks.testing.junit.AbstractJUnitTestClassProcessor.processTestClass(AbstractJUnitTestClassProcessor.java:62)
	at org.gradle.api.internal.tasks.testing.SuiteTestClassProcessor.processTestClass(SuiteTestClassProcessor.java:51)
	at java.base@18.0.2.1/jdk.internal.reflect.DirectMethodHandleAccessor.invoke(DirectMethodHandleAccessor.java:104)
	at java.base@18.0.2.1/java.lang.reflect.Method.invoke(Method.java:577)
	at org.gradle.internal.dispatch.ReflectionDispatch.dispatch(ReflectionDispatch.java:36)
	at org.gradle.internal.dispatch.ReflectionDispatch.dispatch(ReflectionDispatch.java:24)
	at org.gradle.internal.dispatch.ContextClassLoaderDispatch.dispatch(ContextClassLoaderDispatch.java:33)
	at org.gradle.internal.dispatch.ProxyDispatchAdapter$DispatchingInvocationHandler.invoke(ProxyDispatchAdapter.java:94)
	at jdk.proxy1/jdk.proxy1.$Proxy2.processTestClass(Unknown Source)
	at org.gradle.api.internal.tasks.testing.worker.TestWorker$2.run(TestWorker.java:176)
	at org.gradle.api.internal.tasks.testing.worker.TestWorker.executeAndMaintainThreadName(TestWorker.java:129)
	at org.gradle.api.internal.tasks.testing.worker.TestWorker.execute(TestWorker.java:100)
	at org.gradle.api.internal.tasks.testing.worker.TestWorker.execute(TestWorker.java:60)
	at org.gradle.process.internal.worker.child.ActionExecutionWorker.execute(ActionExecutionWorker.java:56)
	at org.gradle.process.internal.worker.child.SystemApplicationClassLoaderWorker.call(SystemApplicationClassLoaderWorker.java:133)
	at org.gradle.process.internal.worker.child.SystemApplicationClassLoaderWorker.call(SystemApplicationClassLoaderWorker.java:71)
	at app//worker.org.gradle.process.internal.worker.GradleWorkerMain.run(GradleWorkerMain.java:69)
	at app//worker.org.gradle.process.internal.worker.GradleWorkerMain.main(GradleWorkerMain.java:74)
</failure>
  </testcase>
  <system-out><![CDATA[{a,b,c}
( {a,b} )
{b,c} + {a,b,b} + {a,b,c}
( {a,b} + {b,c,f} ) + ( {a,b} + {r,f,g} + {g,h,i} )
( {a2,a4,a5} + {a1,a2,a3,a4,a5} ) + ( {a1,a2,a3,a5} + {a1,a3} + {a1,a2,a3,a5} )
{a} - {a,b}
( ( {a,b,c} - {a} ) - {a,b} ) - {m,n}
{a,a,b,c,c,e} * {a,b,f,f,g}
( {g,g,r,r,t} * {r,t,e,d} ) * ( {y,y,u,d,r} * {y,u,r,d} )
{a,a,b,d} + {r,r,t,d} * {i,j,k,d}
{r,w,w,y} * ( {r,r,t} + {q,q,w} * {t,t,w} ) + {y,u,r}
( ( {h,h,r} - {h,r,f,g} * {h,r,e,r} ) + ( {t,t,t,y,f} - ( {t,t,y} ) * {t,e,e,r} ) )
{e} + ( {f,f,g,t} * ( ( {f,f,r,t} - {a,a,n,d} ) + ( {f,g} ) - {r,t,d,d} ) - ( {f,t,y} + {y,y,r} ) ) * {f,y,y,e}
n = {a}
n = {a,b,n} + {b,n,n} * {r,r,t,b}
n = {a,b,c}
m = n + {b,b,m}
p = {g,g,y}
p = ( {g,h,h,n} + p * {g,g,g,y,y,i} ) * {g,g,h,n,p} + p
q = {y,t,r}
{r,y,n} + q
r = {g,g,g,r,r,c} * {c,c,c,g,g,d,d,e}
r = ( r * {g,c,c} - {d,d,d,c} ) + {g,h,y}
{} + ( r * r ) - ( {h,n,m} + {y,m,m,r} )
@ {a} + {b}
@ {} + {a,b}
@ {a} + {}
@ {a} * {a}
@ {} * {a}
@ {a} * {}
@ ( {a,b,c} * {b,c,d} ) + ( {a,b,c} * {e,f,g} )
@ {} * ( ( {b,n,g} * {f,g} ) + ( {b} * {r,t,f} ) ) + {b} + {a,n,b} * {a,n,b}
@ ( {g,h} + ( {b,n,n} * {b,n,n} ) ) * {a,a,e,r} + ( {u,u,i,p} * {} )
@ a + {a,b,b,c}
@ {} + a
@ a + {}
@ {} * a
@ a * {}
@ a * a
@ ( x + y + z ) * ( x + y + z )
@ ( x + y + z ) - ( x + y + z )
@ ( x + y + z ) - ( x + y + z ) * ( x + y + z )
@ a + ( b * b )
@ a + ( b * c ) * ( b * c )
@ a + ( b + {} )
@ a + ( {} + ( {} + ( {} + {} ) ) )
z = {a,b,b}
q = {a}
@ ( x - x ) + ( a * b + a * c ) - ( ( ( a + {} ) * ( b + {} ) + ( a * a ) * ( c * c ) ) * ( ( a * b ) + ( a * c ) + ( ( z + q ) * {} ) ) )
a = {a,b,b}
@ a
a = {a,b,c,c,d}
@ ( {} + ( {b,c,e} * a ) ) * b
a = {a,c}
b = a * {a,b}
c = b + ( a * {c,b} )
@ ( ( a * b + {a} * b ) + c ) + d
]]></system-out>
  <system-err><![CDATA[]]></system-err>
</testsuite>
